This is pdfTeX, Version 3.1415926-2.5-1.40.14 (MiKTeX 2.9) (preloaded format=pdflatex 2015.2.3)  4 DEC 2015 20:44
entering extended mode
**TCC_Sist_Gerenciamento_Potencia.tex

(D:\GitHub\Cubesat-Power\Como\Documenta√ß√£o\Power_System\TCC_Sist_Gerenciament
o_Potencia.tex
LaTeX2e <2011/06/27>
Babel <v3.8m> and hyphenation patterns for english, afrikaans, ancientgreek, ar
abic, armenian, assamese, basque, bengali, bokmal, bulgarian, catalan, coptic, 
croatian, czech, danish, dutch, esperanto, estonian, farsi, finnish, french, ga
lician, german, german-x-2013-05-26, greek, gujarati, hindi, hungarian, iceland
ic, indonesian, interlingua, irish, italian, kannada, kurmanji, latin, latvian,
 lithuanian, malayalam, marathi, mongolian, mongolianlmc, monogreek, ngerman, n
german-x-2013-05-26, nynorsk, oriya, panjabi, pinyin, polish, portuguese, roman
ian, russian, sanskrit, serbian, slovak, slovenian, spanish, swedish, swissgerm
an, tamil, telugu, turkish, turkmen, ukenglish, ukrainian, uppersorbian, usengl
ishmax, welsh, loaded.
("C:\Program Files (x86)\MiKTeX 2.9\tex\latex\abntex2\abntex2.cls"
Document Class: abntex2 2015/01/26 v1.9.3 abnTeX2
("C:\Program Files (x86)\MiKTeX 2.9\tex\latex\base\ifthen.sty"
Package: ifthen 2001/05/26 v1.1c Standard LaTeX ifthen package (DPC)
)
("C:\Program Files (x86)\MiKTeX 2.9\tex\latex\memoir\memoir.cls"
Document Class: memoir 2015/03/05 v3.7c configurable book, report, article docu
ment class
\onelineskip=\skip41
\lxvchars=\skip42
\xlvchars=\skip43
\@memcnta=\count79
\c@@memmarkcntra=\count80
\l@nohyphenation=\language69
("C:\Program Files (x86)\MiKTeX 2.9\tex\generic\oberdiek\ifpdf.sty"
Package: ifpdf 2011/01/30 v2.3 Provides the ifpdf switch (HO)
Package ifpdf Info: pdfTeX in PDF mode is detected.
)
("C:\Program Files (x86)\MiKTeX 2.9\tex\latex\ifetex\ifetex.sty"
Package: ifetex 2011/12/15 v1.2 ifetex

("C:\Program Files (x86)\MiKTeX 2.9\tex\plain\ifetex\ifetex.tex"))
("C:\Program Files (x86)\MiKTeX 2.9\tex\generic\ifxetex\ifxetex.sty"
Package: ifxetex 2010/09/12 v0.6 Provides ifxetex conditional
)
("C:\Program Files (x86)\MiKTeX 2.9\tex\generic\oberdiek\ifluatex.sty"
Package: ifluatex 2010/03/01 v1.3 Provides the ifluatex switch (HO)
Package ifluatex Info: LuaTeX not detected.
)
\stockheight=\skip44
\stockwidth=\skip45
\trimtop=\skip46
\trimedge=\skip47

("C:\Program Files (x86)\MiKTeX 2.9\tex\latex\misc\etex.sty"
Package: etex 1998/03/26 v2.0 eTeX basic definition package (PEB)
\et@xins=\count81
)
("C:\Program Files (x86)\MiKTeX 2.9\tex\latex\memoir\mem12.clo"
File: mem12.clo 2010/10/19 v0.4b memoir class 12pt size option
)
\binding=\skip48
\spinemargin=\skip49
\foremargin=\skip50
\uppermargin=\skip51
\lowermargin=\skip52
\headdrop=\skip53
\normalrulethickness=\skip54
\mem@maxheadheight=\skip55
\mem@maxfootheight=\skip56
\headwidth=\skip57
\c@storedpagenumber=\count82
\memPD=\dimen102
\m@mabparskip=\skip58
\thanksmarkwidth=\skip59
\thanksmarksep=\skip60
\droptitle=\skip61
\c@book=\count83
\c@part=\count84
\c@chapter=\count85
\c@section=\count86
\c@subsection=\count87
\c@subsubsection=\count88
\c@paragraph=\count89
\c@subparagraph=\count90
\beforechapskip=\skip62
\midchapskip=\skip63
\afterchapskip=\skip64
\chapindent=\skip65
\bottomsectionskip=\skip66
\secindent=\skip67
\beforesecskip=\skip68
\aftersecskip=\skip69
\subsecindent=\skip70
\beforesubsecskip=\skip71
\aftersubsecskip=\skip72
\subsubsecindent=\skip73
\beforesubsubsecskip=\skip74
\aftersubsubsecskip=\skip75
\paraindent=\skip76
\beforeparaskip=\skip77
\afterparaskip=\skip78
\subparaindent=\skip79
\beforesubparaskip=\skip80
\aftersubparaskip=\skip81
\pfbreakskip=\skip82
\c@@ppsavesec=\count91
\c@@ppsaveapp=\count92
\ragrparindent=\dimen103
\everylistparindent=\dimen104
\parsepi=\skip83
\topsepi=\skip84
\itemsepi=\skip85
\parsepii=\skip86
\topsepii=\skip87
\topsepiii=\skip88
\itemsepii=\skip89
\itemsepiii=\skip90
\partopsepii=\skip91
\partopsepiii=\skip92
\m@msavetopsep=\skip93
\m@msavepartopsep=\skip94
\@enLab=\toks14
\abstitleskip=\skip95
\absleftindent=\skip96
\abs@leftindent=\dimen105
\absrightindent=\skip97
\absparindent=\skip98
\absparsep=\skip99
\c@vslineno=\count93
\c@poemline=\count94
\c@modulo@vs=\count95
\c@memfvsline=\count96
\vleftskip=\skip100
\vrightskip=\skip101
\stanzaskip=\skip102
\versewidth=\skip103
\vgap=\skip104
\vindent=\skip105
\vleftmargin=\dimen106
\c@verse=\count97
\c@chrsinstr=\count98
\beforepoemtitleskip=\skip106
\afterpoemtitleskip=\skip107
\c@poem=\count99
\beforePoemTitleskip=\skip108
\midPoemTitleskip=\skip109
\afterPoemTitleskip=\skip110
\col@sep=\dimen107
\extrarowheight=\dimen108
\NC@list=\toks15
\extratabsurround=\skip111
\backup@length=\skip112
\TX@col@width=\dimen109
\TX@old@table=\dimen110
\TX@old@col=\dimen111
\TX@target=\dimen112
\TX@delta=\dimen113
\TX@cols=\count100
\TX@ftn=\toks16
\heavyrulewidth=\dimen114
\lightrulewidth=\dimen115
\cmidrulewidth=\dimen116
\belowrulesep=\dimen117
\belowbottomsep=\dimen118
\aboverulesep=\dimen119
\abovetopsep=\dimen120
\cmidrulesep=\dimen121
\cmidrulekern=\dimen122
\defaultaddspace=\dimen123
\@cmidla=\count101
\@cmidlb=\count102
\@aboverulesep=\dimen124
\@belowrulesep=\dimen125
\@thisruleclass=\count103
\@lastruleclass=\count104
\@thisrulewidth=\dimen126
\ctableftskip=\skip113
\ctabrightskip=\skip114
\abovecolumnspenalty=\count105
\@linestogo=\count106
\@cellstogo=\count107
\@cellsincolumn=\count108
\crtok=\toks17
\@mincolumnwidth=\dimen127
\c@newflo@tctr=\count109
\mem@margin@floatbox=\box26
\@contcwidth=\skip115
\@contindw=\skip116
\abovecaptionskip=\skip117
\belowcaptionskip=\skip118
\subfloattopskip=\skip119
\subfloatcapskip=\skip120
\subfloatcaptopadj=\skip121
\subfloatbottomskip=\skip122
\subfloatlabelskip=\skip123
\subfloatcapmargin=\dimen128
\c@@contsubnum=\count110
\m@mscap@capbox=\box27
\m@mscap@fbox=\box28
\sidecapsep=\dimen129
\sidecapwidth=\dimen130
\m@m@tempdima=\dimen131
\m@mscapraise=\dimen132
\sidecapraise=\dimen133
\m@mscapmainwidth=\dimen134
\m@mscaplkern=\dimen135
\beforeepigraphskip=\skip124
\afterepigraphskip=\skip125
\epigraphwidth=\skip126
\epigraphrule=\skip127
LaTeX Info: Redefining \em on input line 7514.
LaTeX Info: Redefining \emph on input line 7522.
\tocentryskip=\skip128
\tocbaseline=\skip129
\cftparskip=\skip130
\cftbeforebookskip=\skip131
\cftbookindent=\dimen136
\cftbooknumwidth=\dimen137
\cftbeforepartskip=\skip132
\cftpartindent=\skip133
\cftpartnumwidth=\skip134
\cftbeforechapterskip=\skip135
\cftchapterindent=\skip136
\cftchapternumwidth=\skip137
\cftbeforesectionskip=\skip138
\cftsectionindent=\skip139
\cftsectionnumwidth=\skip140
\cftbeforesubsectionskip=\skip141
\cftsubsectionindent=\skip142
\cftsubsectionnumwidth=\skip143
\cftbeforesubsubsectionskip=\skip144
\cftsubsubsectionindent=\skip145
\cftsubsubsectionnumwidth=\skip146
\cftbeforeparagraphskip=\skip147
\cftparagraphindent=\skip148
\cftparagraphnumwidth=\skip149
\cftbeforesubparagraphskip=\skip150
\cftsubparagraphindent=\skip151
\cftsubparagraphnumwidth=\skip152
\prechapterprecisshift=\dimen138
\c@maxsecnumdepth=\count111
\bibindent=\dimen139
\bibitemsep=\skip153
\indexcolsep=\skip154
\indexrule=\skip155
\indexmarkstyle=\toks18
\@indexbox=\insert233
\glossarycolsep=\dimen140
\glossaryrule=\dimen141
\sideparvshift=\skip156
\sideins=\insert232
\sidebartopsep=\skip157
\sidebarhsep=\skip158
\sidebarvsep=\skip159
\sidebarwidth=\skip160
\footmarkwidth=\skip161
\footmarksep=\skip162
\footparindent=\skip163
\footinsdim=\skip164
\footinsv@r=\insert231
\@mpfootinsv@r=\insert230
\m@m@k=\count112
\m@m@h=\dimen142
\m@mipn@skip=\skip165
\sidefootins=\insert229
\sidefootadjust=\skip166
\sidefootheight=\skip167
\sidefoothsep=\skip168
\sidefootvsep=\skip169
\sidefootwidth=\skip170
\m@mdownsf=\skip171
\c@sidefootnote=\count113
\sidefootmarkwidth=\skip172
\sidefootmarksep=\skip173
\sidefootparindent=\skip174
\c@pagenote=\count114
\c@pagenoteshadow=\count115
\mem@pn@lastkern=\skip175
\every@verbatim=\toks19
\afterevery@verbatim=\toks20
\verbatim@line=\toks21
\tab@position=\count116
\verbatim@in@stream=\read1
\verbatimindent=\skip176
\verbatim@out=\write3
\bvboxsep=\skip177
\c@memfbvline=\count117
\c@bvlinectr=\count118
\bvnumlength=\skip178
\fb@frw=\dimen143
\fb@frh=\dimen144
\FrameRule=\dimen145
\FrameSep=\dimen146
\c@cp@cntr=\count119
LaTeX Info: Redefining \: on input line 11980.
LaTeX Info: Redefining \! on input line 11982.
\c@ism@mctr=\count120
\c@xsm@mctr=\count121
\c@csm@mctr=\count122
\c@ksm@mctr=\count123
\c@xksm@mctr=\count124
\c@cksm@mctr=\count125
\c@msm@mctr=\count126
\c@xmsm@mctr=\count127
\c@cmsm@mctr=\count128
\c@bsm@mctr=\count129
\c@workm@mctr=\count130
\c@sheetsequence=\count131
\c@lastsheet=\count132
\c@lastpage=\count133
\c@figure=\count134
\c@lofdepth=\count135
\cftbeforefigureskip=\skip179
\cftfigureindent=\skip180
\cftfigurenumwidth=\skip181
\c@table=\count136
\c@lotdepth=\count137
\cftbeforetableskip=\skip182
\cfttableindent=\skip183
\cfttablenumwidth=\skip184
Package abstract [2008/07/23] emulated by memoir.
Package appendix [2008/07/23] emulated by memoir.
Package array [2008/09/09] emulated by memoir.
Package booktabs [2008/07/23] emulated by memoir.
Package ccaption [2008/07/23] emulated by memoir.
Package changepage [2008/07/23] emulated by memoir.
Package chngcntr [2008/07/23] emulated by memoir.
Package chngpage [2008/07/23] emulated by memoir.
Package crop emulated by memoir.
Package dcolumn [2008/07/23] emulated by memoir.
Package delarray [2008/07/23] emulated by memoir.
Package enumerate [2008/07/23] emulated by memoir.
Package epigraph [2008/07/23] emulated by memoir.
Package ifmtarg [2008/07/23] emulated by memoir.
Package index [2008/07/23] emulated by memoir.
Package makeidx [2008/07/23] emulated by memoir.
Package moreverb [2008/07/23] emulated by memoir.
Package mparhack [2008/07/23] emulated by memoir.
Package needspace [2008/07/23] emulated by memoir.
Package newfile [2008/07/23] emulated by memoir.
Package nextpage [2008/07/23] emulated by memoir.
Package pagenote [2008/07/23] emulated by memoir.
Package parskip [2008/07/23] emulated by memoir.
Package patchcmd [2008/07/23] emulated by memoir.
Package setspace [2008/07/23] emulated by memoir.
Package shortvrb [2008/07/23] emulated by memoir.
Package showidx [2008/07/23] emulated by memoir.
Package tabularx [2008/07/23] emulated by memoir.
Package titleref [2008/07/23] emulated by memoir.
Package titling [2008/07/23] emulated by memoir.
Package tocbibind [2008/07/23] emulated by memoir.
Package tocloft [2008/07/23] emulated by memoir.
Package tocvsec2 [2008/07/23] emulated by memoir.
Package verbatim [2008/07/23] emulated by memoir.
Package verse [2008/07/23] emulated by memoir.

("C:\Program Files (x86)\MiKTeX 2.9\tex\latex\memoir\mempatch.sty"
Package: mempatch 2009/07/24 v6.0f Patches for memoir class v1.6180339
))
("C:\Program Files (x86)\MiKTeX 2.9\tex\latex\textcase\textcase.sty"
Package: textcase 2004/10/07 v0.07 Text only upper/lower case changing (DPC)
LaTeX Info: Redefining \MakeTextUppercase on input line 47.
LaTeX Info: Redefining \MakeTextLowercase on input line 50.
)
("C:\Program Files (x86)\MiKTeX 2.9\tex\latex\hyperref\hyperref.sty"
Package: hyperref 2012/11/06 v6.83m Hypertext links for LaTeX

("C:\Program Files (x86)\MiKTeX 2.9\tex\generic\oberdiek\hobsub-hyperref.sty"
Package: hobsub-hyperref 2012/04/25 v1.12 Bundle oberdiek, subset hyperref (HO)


("C:\Program Files (x86)\MiKTeX 2.9\tex\generic\oberdiek\hobsub-generic.sty"
Package: hobsub-generic 2012/04/25 v1.12 Bundle oberdiek, subset generic (HO)
Package: hobsub 2012/04/25 v1.12 Construct package bundles (HO)
Package: infwarerr 2010/04/08 v1.3 Providing info/warning/error messages (HO)
Package: ltxcmds 2011/11/09 v1.22 LaTeX kernel commands for general use (HO)
Package hobsub Info: Skipping package `ifluatex' (already loaded).
Package: ifvtex 2010/03/01 v1.5 Detect VTeX and its facilities (HO)
Package ifvtex Info: VTeX not detected.
Package: intcalc 2007/09/27 v1.1 Expandable calculations with integers (HO)
Package hobsub Info: Skipping package `ifpdf' (already loaded).
Package: etexcmds 2011/02/16 v1.5 Avoid name clashes with e-TeX commands (HO)
Package etexcmds Info: Could not find \expanded.
(etexcmds)             That can mean that you are not using pdfTeX 1.50 or
(etexcmds)             that some package has redefined \expanded.
(etexcmds)             In the latter case, load this package earlier.
Package: kvsetkeys 2012/04/25 v1.16 Key value parser (HO)
Package: kvdefinekeys 2011/04/07 v1.3 Define keys (HO)
Package: pdftexcmds 2011/11/29 v0.20 Utility functions of pdfTeX for LuaTeX (HO
)
Package pdftexcmds Info: LuaTeX not detected.
Package pdftexcmds Info: \pdf@primitive is available.
Package pdftexcmds Info: \pdf@ifprimitive is available.
Package pdftexcmds Info: \pdfdraftmode found.
Package: pdfescape 2011/11/25 v1.13 Implements pdfTeX's escape features (HO)
Package: bigintcalc 2012/04/08 v1.3 Expandable calculations on big integers (HO
)
Package: bitset 2011/01/30 v1.1 Handle bit-vector datatype (HO)
Package: uniquecounter 2011/01/30 v1.2 Provide unlimited unique counter (HO)
)
Package hobsub Info: Skipping package `hobsub' (already loaded).
Package: letltxmacro 2010/09/02 v1.4 Let assignment for LaTeX macros (HO)
Package: hopatch 2011/06/24 v1.1 Wrapper for package hooks (HO)
Package: xcolor-patch 2011/01/30 xcolor patch
Package: atveryend 2011/06/30 v1.8 Hooks at the very end of document (HO)
Package atveryend Info: \enddocument detected (standard20110627).
Package: atbegshi 2011/10/05 v1.16 At begin shipout hook (HO)
Package: refcount 2011/10/16 v3.4 Data extraction from label references (HO)
Package: hycolor 2011/01/30 v1.7 Color options for hyperref/bookmark (HO)
)
("C:\Program Files (x86)\MiKTeX 2.9\tex\latex\graphics\keyval.sty"
Package: keyval 1999/03/16 v1.13 key=value parser (DPC)
\KV@toks@=\toks22
)
("C:\Program Files (x86)\MiKTeX 2.9\tex\latex\oberdiek\auxhook.sty"
Package: auxhook 2011/03/04 v1.3 Hooks for auxiliary files (HO)
)
("C:\Program Files (x86)\MiKTeX 2.9\tex\latex\oberdiek\kvoptions.sty"
Package: kvoptions 2011/06/30 v3.11 Key value format for package options (HO)
)
\@linkdim=\dimen147
\Hy@linkcounter=\count138
\Hy@pagecounter=\count139

("C:\Program Files (x86)\MiKTeX 2.9\tex\latex\hyperref\pd1enc.def"
File: pd1enc.def 2012/11/06 v6.83m Hyperref: PDFDocEncoding definition (HO)
)
\Hy@SavedSpaceFactor=\count140

("C:\Program Files (x86)\MiKTeX 2.9\tex\latex\00miktex\hyperref.cfg"
File: hyperref.cfg 2002/06/06 v1.2 hyperref configuration of TeXLive
)
Package hyperref Info: Hyper figures OFF on input line 4443.
Package hyperref Info: Link nesting OFF on input line 4448.
Package hyperref Info: Hyper index ON on input line 4451.
Package hyperref Info: Plain pages OFF on input line 4458.
Package hyperref Info: Backreferencing OFF on input line 4463.
Package hyperref Info: Implicit mode ON; LaTeX internals redefined.
Package hyperref Info: Bookmarks ON on input line 4688.
\c@Hy@tempcnt=\count141

("C:\Program Files (x86)\MiKTeX 2.9\tex\latex\url\url.sty"
\Urlmuskip=\muskip10
Package: url 2013/09/16  ver 3.4  Verb mode for urls, etc.
)
LaTeX Info: Redefining \url on input line 5041.
\XeTeXLinkMargin=\dimen148
\Fld@menulength=\count142
\Field@Width=\dimen149
\Fld@charsize=\dimen150
Package hyperref Info: Hyper figures OFF on input line 6295.
Package hyperref Info: Link nesting OFF on input line 6300.
Package hyperref Info: Hyper index ON on input line 6303.
Package hyperref Info: backreferencing OFF on input line 6310.
Package hyperref Info: Link coloring OFF on input line 6315.
Package hyperref Info: Link coloring with OCG OFF on input line 6320.
Package hyperref Info: PDF/A mode OFF on input line 6325.
LaTeX Info: Redefining \ref on input line 6365.
LaTeX Info: Redefining \pageref on input line 6369.
\Hy@abspage=\count143
\c@Item=\count144
\c@Hfootnote=\count145
)
("C:\Program Files (x86)\MiKTeX 2.9\tex\latex\memoir\memhfixc.sty"
Package: memhfixc 2013/05/30 v1.17 nameref/hyperref package fixes for memoir cl
ass
\c@memhycontfloat=\count146
\c@Hpagenote=\count147
)

Package hyperref Message: Driver (autodetected): hpdftex.

("C:\Program Files (x86)\MiKTeX 2.9\tex\latex\hyperref\hpdftex.def"
File: hpdftex.def 2012/11/06 v6.83m Hyperref driver for pdfTeX
\Fld@listcount=\count148
\c@bookmark@seq@number=\count149

("C:\Program Files (x86)\MiKTeX 2.9\tex\latex\oberdiek\rerunfilecheck.sty"
Package: rerunfilecheck 2011/04/15 v1.7 Rerun checks for auxiliary files (HO)
Package uniquecounter Info: New unique counter `rerunfilecheck' on input line 2
82.
)
\Hy@SectionHShift=\skip185
)
("C:\Program Files (x86)\MiKTeX 2.9\tex\latex\oberdiek\bookmark.sty"
Package: bookmark 2011/12/02 v1.24 PDF bookmarks (HO)

("C:\Program Files (x86)\MiKTeX 2.9\tex\latex\oberdiek\bkm-pdftex.def"
File: bkm-pdftex.def 2011/12/02 v1.24 bookmark driver for pdfTeX (HO)
\BKM@id=\count150
))
("C:\Program Files (x86)\MiKTeX 2.9\tex\generic\babel\babel.sty"
Package: babel 2008/07/08 v3.8m The Babel package

*************************************
* Local config file bblopts.cfg used
*
("C:\Program Files (x86)\MiKTeX 2.9\tex\latex\00miktex\bblopts.cfg"
File: bblopts.cfg 2006/07/31 v1.0 MiKTeX 'babel' configuration
)
("C:\Program Files (x86)\MiKTeX 2.9\tex\generic\babel\english.ldf"
Language: english 2005/03/30 v3.3o English support from the babel system

("C:\Program Files (x86)\MiKTeX 2.9\tex\generic\babel\babel.def"
File: babel.def 2008/07/08 v3.8m Babel common definitions
\babel@savecnt=\count151
\U@D=\dimen151
)
\l@canadian = a dialect from \language\l@american 
\l@australian = a dialect from \language\l@british 
\l@newzealand = a dialect from \language\l@british 
)
("C:\Program Files (x86)\MiKTeX 2.9\tex\generic\babel\frenchb.ldf"
Language: frenchb 2009/03/16 v2.3d French support from the babel system
Package babel Info: Making : an active character on input line 120.
Package babel Info: Making ; an active character on input line 121.
Package babel Info: Making ! an active character on input line 122.
Package babel Info: Making ? an active character on input line 123.
\FB@Mht=\dimen152
\std@mcc=\count152
\dec@mcc=\count153
\parindentFFN=\dimen153

*************************************
* Local config file frenchb.cfg used
*
("C:\Program Files (x86)\MiKTeX 2.9\tex\generic\babel\frenchb.cfg"))
("C:\Program Files (x86)\MiKTeX 2.9\tex\generic\babel\spanish.ldf"
Language: spanish.ldf 2009/01/02 v5.0h Spanish support from the babel system
\es@datefmt=\count154
\es@quottoks=\toks23
\es@quotdepth=\count155
Package babel Info: Making " an active character on input line 492.
Package babel Info: Making . an active character on input line 585.
Package babel Info: Making < an active character on input line 630.
Package babel Info: Making > an active character on input line 630.
)
("C:\Program Files (x86)\MiKTeX 2.9\tex\generic\babel\portuges.ldf"
Language: portuges 2008/03/18 v1.2q Portuguese support from the babel system
\l@brazil = a dialect from \language\l@portuges 
Package babel Info: Making " an active character on input line 145.
))
("C:\Program Files (x86)\MiKTeX 2.9\tex\latex\carlisle\scalefnt.sty")
("C:\Program Files (x86)\MiKTeX 2.9\tex\latex\enumitem\enumitem.sty"
Package: enumitem 2011/09/28 v3.5.2 Customized lists
\labelindent=\skip186
\enit@outerparindent=\dimen154
\enit@toks=\toks24
\enit@inbox=\box29
\enitdp@description=\count156
)

******************************************************
Stock height and width: 845.04684pt by 597.50787pt
Top and edge trims: 0pt and 0pt
Page height and width: 845.04684pt by 597.50787pt
Text height and width: 708pt by 455pt
Spine and edge margins: 85.35826pt and 56.9055pt
Upper and lower margins: 85.35826pt and 51.68858pt
Headheight and headsep: 14.5pt and 19.8738pt
Footskip: 30pt
Columnsep and columnseprule: 10pt and 0pt
Marginparsep and marginparwidth: 7pt and 42.9055pt
Sidecapsep and sidecapwidth: 7pt and 42pt
Sidebarhsep and sidebarwidth: 7pt and 42pt
Sidebarvsep and sidebartopsep: 14.5pt and 0pt
Sidebarheight: 590.14995pt
Sidefoothsep and sidefootwidth: 7pt and 42pt
Sidefootvsep and sidefootheight: 14.5pt and 590.14995pt
******************************************************

\c@abntex@bookmarkcounter=\count157
\cftlastnumwidth=\skip187
\chapternamenumlength=\skip188
\ABNTEXcitacaorecuo=\skip189
\c@alineasi=\count158
\c@alineasii=\count159
\enitdp@alineas=\count160
\c@subalineasi=\count161
\enitdp@subalineas=\count162
\c@incisosi=\count163
\enitdp@incisos=\count164
\ABNTEXsignwidth=\skip190
\ABNTEXsignthickness=\skip191
\ABNTEXsignskip=\skip192
) ("C:\Program Files (x86)\MiKTeX 2.9\tex\latex\lm\lmodern.sty"
Package: lmodern 2009/10/30 v1.6 Latin Modern Fonts
LaTeX Font Info:    Overwriting symbol font `operators' in version `normal'
(Font)                  OT1/cmr/m/n --> OT1/lmr/m/n on input line 22.
LaTeX Font Info:    Overwriting symbol font `letters' in version `normal'
(Font)                  OML/cmm/m/it --> OML/lmm/m/it on input line 23.
LaTeX Font Info:    Overwriting symbol font `symbols' in version `normal'
(Font)                  OMS/cmsy/m/n --> OMS/lmsy/m/n on input line 24.
LaTeX Font Info:    Overwriting symbol font `largesymbols' in version `normal'
(Font)                  OMX/cmex/m/n --> OMX/lmex/m/n on input line 25.
LaTeX Font Info:    Overwriting symbol font `operators' in version `bold'
(Font)                  OT1/cmr/bx/n --> OT1/lmr/bx/n on input line 26.
LaTeX Font Info:    Overwriting symbol font `letters' in version `bold'
(Font)                  OML/cmm/b/it --> OML/lmm/b/it on input line 27.
LaTeX Font Info:    Overwriting symbol font `symbols' in version `bold'
(Font)                  OMS/cmsy/b/n --> OMS/lmsy/b/n on input line 28.
LaTeX Font Info:    Overwriting symbol font `largesymbols' in version `bold'
(Font)                  OMX/cmex/m/n --> OMX/lmex/m/n on input line 29.
LaTeX Font Info:    Overwriting math alphabet `\mathbf' in version `normal'
(Font)                  OT1/cmr/bx/n --> OT1/lmr/bx/n on input line 31.
LaTeX Font Info:    Overwriting math alphabet `\mathsf' in version `normal'
(Font)                  OT1/cmss/m/n --> OT1/lmss/m/n on input line 32.
LaTeX Font Info:    Overwriting math alphabet `\mathit' in version `normal'
(Font)                  OT1/cmr/m/it --> OT1/lmr/m/it on input line 33.
LaTeX Font Info:    Overwriting math alphabet `\mathtt' in version `normal'
(Font)                  OT1/cmtt/m/n --> OT1/lmtt/m/n on input line 34.
LaTeX Font Info:    Overwriting math alphabet `\mathbf' in version `bold'
(Font)                  OT1/cmr/bx/n --> OT1/lmr/bx/n on input line 35.
LaTeX Font Info:    Overwriting math alphabet `\mathsf' in version `bold'
(Font)                  OT1/cmss/bx/n --> OT1/lmss/bx/n on input line 36.
LaTeX Font Info:    Overwriting math alphabet `\mathit' in version `bold'
(Font)                  OT1/cmr/bx/it --> OT1/lmr/bx/it on input line 37.
LaTeX Font Info:    Overwriting math alphabet `\mathtt' in version `bold'
(Font)                  OT1/cmtt/m/n --> OT1/lmtt/m/n on input line 38.
)
("C:\Program Files (x86)\MiKTeX 2.9\tex\latex\base\fontenc.sty"
Package: fontenc 2005/09/27 v1.99g Standard LaTeX package

("C:\Program Files (x86)\MiKTeX 2.9\tex\latex\base\t1enc.def"
File: t1enc.def 2005/09/27 v1.99g Standard LaTeX file
LaTeX Font Info:    Redeclaring font encoding T1 on input line 43.
))
("C:\Program Files (x86)\MiKTeX 2.9\tex\latex\base\inputenc.sty"
Package: inputenc 2008/03/30 v1.1d Input encoding file
\inpenc@prehook=\toks25
\inpenc@posthook=\toks26

("C:\Program Files (x86)\MiKTeX 2.9\tex\latex\base\utf8.def"
File: utf8.def 2008/04/05 v1.1m UTF-8 support for inputenc
Now handling font encoding OML ...
... no UTF-8 mapping file for font encoding OML
Now handling font encoding T1 ...
... processing UTF-8 mapping file for font encoding T1

("C:\Program Files (x86)\MiKTeX 2.9\tex\latex\base\t1enc.dfu"
File: t1enc.dfu 2008/04/05 v1.1m UTF-8 support for inputenc
   defining Unicode char U+00A1 (decimal 161)
   defining Unicode char U+00A3 (decimal 163)
   defining Unicode char U+00AB (decimal 171)
   defining Unicode char U+00BB (decimal 187)
   defining Unicode char U+00BF (decimal 191)
   defining Unicode char U+00C0 (decimal 192)
   defining Unicode char U+00C1 (decimal 193)
   defining Unicode char U+00C2 (decimal 194)
   defining Unicode char U+00C3 (decimal 195)
   defining Unicode char U+00C4 (decimal 196)
   defining Unicode char U+00C5 (decimal 197)
   defining Unicode char U+00C6 (decimal 198)
   defining Unicode char U+00C7 (decimal 199)
   defining Unicode char U+00C8 (decimal 200)
   defining Unicode char U+00C9 (decimal 201)
   defining Unicode char U+00CA (decimal 202)
   defining Unicode char U+00CB (decimal 203)
   defining Unicode char U+00CC (decimal 204)
   defining Unicode char U+00CD (decimal 205)
   defining Unicode char U+00CE (decimal 206)
   defining Unicode char U+00CF (decimal 207)
   defining Unicode char U+00D0 (decimal 208)
   defining Unicode char U+00D1 (decimal 209)
   defining Unicode char U+00D2 (decimal 210)
   defining Unicode char U+00D3 (decimal 211)
   defining Unicode char U+00D4 (decimal 212)
   defining Unicode char U+00D5 (decimal 213)
   defining Unicode char U+00D6 (decimal 214)
   defining Unicode char U+00D8 (decimal 216)
   defining Unicode char U+00D9 (decimal 217)
   defining Unicode char U+00DA (decimal 218)
   defining Unicode char U+00DB (decimal 219)
   defining Unicode char U+00DC (decimal 220)
   defining Unicode char U+00DD (decimal 221)
   defining Unicode char U+00DE (decimal 222)
   defining Unicode char U+00DF (decimal 223)
   defining Unicode char U+00E0 (decimal 224)
   defining Unicode char U+00E1 (decimal 225)
   defining Unicode char U+00E2 (decimal 226)
   defining Unicode char U+00E3 (decimal 227)
   defining Unicode char U+00E4 (decimal 228)
   defining Unicode char U+00E5 (decimal 229)
   defining Unicode char U+00E6 (decimal 230)
   defining Unicode char U+00E7 (decimal 231)
   defining Unicode char U+00E8 (decimal 232)
   defining Unicode char U+00E9 (decimal 233)
   defining Unicode char U+00EA (decimal 234)
   defining Unicode char U+00EB (decimal 235)
   defining Unicode char U+00EC (decimal 236)
   defining Unicode char U+00ED (decimal 237)
   defining Unicode char U+00EE (decimal 238)
   defining Unicode char U+00EF (decimal 239)
   defining Unicode char U+00F0 (decimal 240)
   defining Unicode char U+00F1 (decimal 241)
   defining Unicode char U+00F2 (decimal 242)
   defining Unicode char U+00F3 (decimal 243)
   defining Unicode char U+00F4 (decimal 244)
   defining Unicode char U+00F5 (decimal 245)
   defining Unicode char U+00F6 (decimal 246)
   defining Unicode char U+00F8 (decimal 248)
   defining Unicode char U+00F9 (decimal 249)
   defining Unicode char U+00FA (decimal 250)
   defining Unicode char U+00FB (decimal 251)
   defining Unicode char U+00FC (decimal 252)
   defining Unicode char U+00FD (decimal 253)
   defining Unicode char U+00FE (decimal 254)
   defining Unicode char U+00FF (decimal 255)
   defining Unicode char U+0102 (decimal 258)
   defining Unicode char U+0103 (decimal 259)
   defining Unicode char U+0104 (decimal 260)
   defining Unicode char U+0105 (decimal 261)
   defining Unicode char U+0106 (decimal 262)
   defining Unicode char U+0107 (decimal 263)
   defining Unicode char U+010C (decimal 268)
   defining Unicode char U+010D (decimal 269)
   defining Unicode char U+010E (decimal 270)
   defining Unicode char U+010F (decimal 271)
   defining Unicode char U+0110 (decimal 272)
   defining Unicode char U+0111 (decimal 273)
   defining Unicode char U+0118 (decimal 280)
   defining Unicode char U+0119 (decimal 281)
   defining Unicode char U+011A (decimal 282)
   defining Unicode char U+011B (decimal 283)
   defining Unicode char U+011E (decimal 286)
   defining Unicode char U+011F (decimal 287)
   defining Unicode char U+0130 (decimal 304)
   defining Unicode char U+0131 (decimal 305)
   defining Unicode char U+0132 (decimal 306)
   defining Unicode char U+0133 (decimal 307)
   defining Unicode char U+0139 (decimal 313)
   defining Unicode char U+013A (decimal 314)
   defining Unicode char U+013D (decimal 317)
   defining Unicode char U+013E (decimal 318)
   defining Unicode char U+0141 (decimal 321)
   defining Unicode char U+0142 (decimal 322)
   defining Unicode char U+0143 (decimal 323)
   defining Unicode char U+0144 (decimal 324)
   defining Unicode char U+0147 (decimal 327)
   defining Unicode char U+0148 (decimal 328)
   defining Unicode char U+014A (decimal 330)
   defining Unicode char U+014B (decimal 331)
   defining Unicode char U+0150 (decimal 336)
   defining Unicode char U+0151 (decimal 337)
   defining Unicode char U+0152 (decimal 338)
   defining Unicode char U+0153 (decimal 339)
   defining Unicode char U+0154 (decimal 340)
   defining Unicode char U+0155 (decimal 341)
   defining Unicode char U+0158 (decimal 344)
   defining Unicode char U+0159 (decimal 345)
   defining Unicode char U+015A (decimal 346)
   defining Unicode char U+015B (decimal 347)
   defining Unicode char U+015E (decimal 350)
   defining Unicode char U+015F (decimal 351)
   defining Unicode char U+0160 (decimal 352)
   defining Unicode char U+0161 (decimal 353)
   defining Unicode char U+0162 (decimal 354)
   defining Unicode char U+0163 (decimal 355)
   defining Unicode char U+0164 (decimal 356)
   defining Unicode char U+0165 (decimal 357)
   defining Unicode char U+016E (decimal 366)
   defining Unicode char U+016F (decimal 367)
   defining Unicode char U+0170 (decimal 368)
   defining Unicode char U+0171 (decimal 369)
   defining Unicode char U+0178 (decimal 376)
   defining Unicode char U+0179 (decimal 377)
   defining Unicode char U+017A (decimal 378)
   defining Unicode char U+017B (decimal 379)
   defining Unicode char U+017C (decimal 380)
   defining Unicode char U+017D (decimal 381)
   defining Unicode char U+017E (decimal 382)
   defining Unicode char U+200C (decimal 8204)
   defining Unicode char U+2013 (decimal 8211)
   defining Unicode char U+2014 (decimal 8212)
   defining Unicode char U+2018 (decimal 8216)
   defining Unicode char U+2019 (decimal 8217)
   defining Unicode char U+201A (decimal 8218)
   defining Unicode char U+201C (decimal 8220)
   defining Unicode char U+201D (decimal 8221)
   defining Unicode char U+201E (decimal 8222)
   defining Unicode char U+2030 (decimal 8240)
   defining Unicode char U+2031 (decimal 8241)
   defining Unicode char U+2039 (decimal 8249)
   defining Unicode char U+203A (decimal 8250)
   defining Unicode char U+2423 (decimal 9251)
)
Now handling font encoding OT1 ...
... processing UTF-8 mapping file for font encoding OT1

("C:\Program Files (x86)\MiKTeX 2.9\tex\latex\base\ot1enc.dfu"
File: ot1enc.dfu 2008/04/05 v1.1m UTF-8 support for inputenc
   defining Unicode char U+00A1 (decimal 161)
   defining Unicode char U+00A3 (decimal 163)
   defining Unicode char U+00B8 (decimal 184)
   defining Unicode char U+00BF (decimal 191)
   defining Unicode char U+00C5 (decimal 197)
   defining Unicode char U+00C6 (decimal 198)
   defining Unicode char U+00D8 (decimal 216)
   defining Unicode char U+00DF (decimal 223)
   defining Unicode char U+00E6 (decimal 230)
   defining Unicode char U+00EC (decimal 236)
   defining Unicode char U+00ED (decimal 237)
   defining Unicode char U+00EE (decimal 238)
   defining Unicode char U+00EF (decimal 239)
   defining Unicode char U+00F8 (decimal 248)
   defining Unicode char U+0131 (decimal 305)
   defining Unicode char U+0141 (decimal 321)
   defining Unicode char U+0142 (decimal 322)
   defining Unicode char U+0152 (decimal 338)
   defining Unicode char U+0153 (decimal 339)
   defining Unicode char U+2013 (decimal 8211)
   defining Unicode char U+2014 (decimal 8212)
   defining Unicode char U+2018 (decimal 8216)
   defining Unicode char U+2019 (decimal 8217)
   defining Unicode char U+201C (decimal 8220)
   defining Unicode char U+201D (decimal 8221)
)
Now handling font encoding OMS ...
... processing UTF-8 mapping file for font encoding OMS

("C:\Program Files (x86)\MiKTeX 2.9\tex\latex\base\omsenc.dfu"
File: omsenc.dfu 2008/04/05 v1.1m UTF-8 support for inputenc
   defining Unicode char U+00A7 (decimal 167)
   defining Unicode char U+00B6 (decimal 182)
   defining Unicode char U+00B7 (decimal 183)
   defining Unicode char U+2020 (decimal 8224)
   defining Unicode char U+2021 (decimal 8225)
   defining Unicode char U+2022 (decimal 8226)
)
Now handling font encoding OMX ...
... no UTF-8 mapping file for font encoding OMX
Now handling font encoding U ...
... no UTF-8 mapping file for font encoding U
Now handling font encoding PD1 ...
... no UTF-8 mapping file for font encoding PD1
   defining Unicode char U+00A9 (decimal 169)
   defining Unicode char U+00AA (decimal 170)
   defining Unicode char U+00AE (decimal 174)
   defining Unicode char U+00BA (decimal 186)
   defining Unicode char U+02C6 (decimal 710)
   defining Unicode char U+02DC (decimal 732)
   defining Unicode char U+200C (decimal 8204)
   defining Unicode char U+2026 (decimal 8230)
   defining Unicode char U+2122 (decimal 8482)
   defining Unicode char U+2423 (decimal 9251)
))
("C:\Program Files (x86)\MiKTeX 2.9\tex\latex\lastpage\lastpage.sty"

LaTeX Warning: You have requested release `2014/05/01' of LaTeX,
               but only release `2011/06/27' is available.

Package: lastpage 2015/03/29 v1.2m Refers to last page's name (HMM; JPG)
) ("C:\Program Files (x86)\MiKTeX 2.9\tex\latex\tools\indentfirst.sty"
Package: indentfirst 1995/11/23 v1.03 Indent first paragraph (DPC)
)
("C:\Program Files (x86)\MiKTeX 2.9\tex\latex\graphics\color.sty"
Package: color 2005/11/14 v1.0j Standard LaTeX Color (DPC)

("C:\Program Files (x86)\MiKTeX 2.9\tex\latex\00miktex\color.cfg"
File: color.cfg 2007/01/18 v1.5 color configuration of teTeX/TeXLive
)
Package color Info: Driver file: pdftex.def on input line 130.

("C:\Program Files (x86)\MiKTeX 2.9\tex\latex\pdftex-def\pdftex.def"
File: pdftex.def 2011/05/27 v0.06d Graphics/color for pdfTeX
\Gread@gobject=\count165
))
("C:\Program Files (x86)\MiKTeX 2.9\tex\latex\graphics\graphicx.sty"
Package: graphicx 1999/02/16 v1.0f Enhanced LaTeX Graphics (DPC,SPQR)

("C:\Program Files (x86)\MiKTeX 2.9\tex\latex\graphics\graphics.sty"
Package: graphics 2009/02/05 v1.0o Standard LaTeX Graphics (DPC,SPQR)

("C:\Program Files (x86)\MiKTeX 2.9\tex\latex\graphics\trig.sty"
Package: trig 1999/03/16 v1.09 sin cos tan (DPC)
)
("C:\Program Files (x86)\MiKTeX 2.9\tex\latex\00miktex\graphics.cfg"
File: graphics.cfg 2007/01/18 v1.5 graphics configuration of teTeX/TeXLive
)
Package graphics Info: Driver file: pdftex.def on input line 91.
)
\Gin@req@height=\dimen155
\Gin@req@width=\dimen156
)
("C:\Program Files (x86)\MiKTeX 2.9\tex\latex\microtype\microtype.sty"
Package: microtype 2013/05/23 v2.5a Micro-typographical refinements (RS)
\MT@toks=\toks27
\MT@count=\count166
LaTeX Info: Redefining \textls on input line 766.
\MT@outer@kern=\dimen157
LaTeX Info: Redefining \textmicrotypecontext on input line 1285.
\MT@listname@count=\count167

("C:\Program Files (x86)\MiKTeX 2.9\tex\latex\microtype\microtype-pdftex.def"
File: microtype-pdftex.def 2013/05/23 v2.5a Definitions specific to pdftex (RS)

LaTeX Info: Redefining \lsstyle on input line 915.
LaTeX Info: Redefining \lslig on input line 915.
\MT@outer@space=\skip193
)
Package microtype Info: Loading configuration file microtype.cfg.

("C:\Program Files (x86)\MiKTeX 2.9\tex\latex\microtype\microtype.cfg"
File: microtype.cfg 2013/05/23 v2.5a microtype main configuration file (RS)
))
("C:\Program Files (x86)\MiKTeX 2.9\tex\latex\eurosym\eurosym.sty"
Package: eurosym 1998/08/06 v1.1 European currency symbol ``Euro''
\@eurobox=\box30
)
("C:\Program Files (x86)\MiKTeX 2.9\tex\latex\amsmath\amsmath.sty"
Package: amsmath 2013/01/14 v2.14 AMS math features
\@mathmargin=\skip194

For additional information on amsmath, use the `?' option.
("C:\Program Files (x86)\MiKTeX 2.9\tex\latex\amsmath\amstext.sty"
Package: amstext 2000/06/29 v2.01

("C:\Program Files (x86)\MiKTeX 2.9\tex\latex\amsmath\amsgen.sty"
File: amsgen.sty 1999/11/30 v2.0
\@emptytoks=\toks28
\ex@=\dimen158
))
("C:\Program Files (x86)\MiKTeX 2.9\tex\latex\amsmath\amsbsy.sty"
Package: amsbsy 1999/11/29 v1.2d
\pmbraise@=\dimen159
)
("C:\Program Files (x86)\MiKTeX 2.9\tex\latex\amsmath\amsopn.sty"
Package: amsopn 1999/12/14 v2.01 operator names
)
\inf@bad=\count168
LaTeX Info: Redefining \frac on input line 210.
\uproot@=\count169
\leftroot@=\count170
LaTeX Info: Redefining \overline on input line 306.
\classnum@=\count171
\DOTSCASE@=\count172
LaTeX Info: Redefining \ldots on input line 378.
LaTeX Info: Redefining \dots on input line 381.
LaTeX Info: Redefining \cdots on input line 466.
\Mathstrutbox@=\box31
\strutbox@=\box32
\big@size=\dimen160
LaTeX Font Info:    Redeclaring font encoding OML on input line 566.
LaTeX Font Info:    Redeclaring font encoding OMS on input line 567.
\macc@depth=\count173
\c@MaxMatrixCols=\count174
\dotsspace@=\muskip11
\c@parentequation=\count175
\dspbrk@lvl=\count176
\tag@help=\toks29
\row@=\count177
\column@=\count178
\maxfields@=\count179
\andhelp@=\toks30
\eqnshift@=\dimen161
\alignsep@=\dimen162
\tagshift@=\dimen163
\tagwidth@=\dimen164
\totwidth@=\dimen165
\lineht@=\dimen166
\@envbody=\toks31
\multlinegap=\skip195
\multlinetaggap=\skip196
\mathdisplay@stack=\toks32
LaTeX Info: Redefining \[ on input line 2665.
LaTeX Info: Redefining \] on input line 2666.
)
("C:\Program Files (x86)\MiKTeX 2.9\tex\latex\hyperref\backref.sty"
Package: backref 2012/07/25 v1.38 Bibliographical back referencing
)
("C:\Program Files (x86)\MiKTeX 2.9\tex\latex\abntex2\abntex2cite.sty"
Package: abntex2cite 2015/01/26 v1.9.3 abnTeX2

("C:\Program Files (x86)\MiKTeX 2.9\tex\latex\tools\calc.sty"
Package: calc 2007/08/22 v4.3 Infix arithmetic (KKT,FJ)
\calc@Acount=\count180
\calc@Bcount=\count181
\calc@Adimen=\dimen167
\calc@Bdimen=\dimen168
\calc@Askip=\skip197
\calc@Bskip=\skip198
LaTeX Info: Redefining \setlength on input line 76.
LaTeX Info: Redefining \addtolength on input line 77.
\calc@Ccount=\count182
\calc@Cskip=\skip199
)
("C:\Program Files (x86)\MiKTeX 2.9\tex\latex\abntex2\abntex2abrev.sty")
\minimumbiblabelwidth=\skip200
\ABCIauxlen=\skip201
\c@ABCIaux=\count183
\c@ABCImax=\count184

("C:\Program Files (x86)\MiKTeX 2.9\tex\latex\ltxmisc\relsize.sty"
Package: relsize 2003/07/04 ver 3.1
)
\biblabelsep=\skip202
LaTeX Info: Redefining \newblock on input line 591.
LaTeX Info: Redefining \cite on input line 862.
\ABCItoken=\toks33
)
Package color Info: Redefining color blue on input line 101.
Package hyperref Info: Option `colorlinks' set `true' on input line 118.
\TCC_Sist_Gerenciamento_Potencia@idxfile=\write4

Writing index file TCC_Sist_Gerenciamento_Potencia.idx 

(D:\GitHub\Cubesat-Power\Como\Documenta√ß√£o\Power_System\TCC_Sist_Gerenciament
o_Potencia.aux

LaTeX Warning: Label `Sec_Bateria' multiply defined.


LaTeX Warning: Label `Fig_esq_cont' multiply defined.


LaTeX Warning: Label `Fig_esq_cont' multiply defined.


LaTeX Warning: Label `Fig_SubConj' multiply defined.

)
LaTeX Font Info:    Checking defaults for OML/cmm/m/it on input line 141.
LaTeX Font Info:    ... okay on input line 141.
LaTeX Font Info:    Checking defaults for T1/cmr/m/n on input line 141.
LaTeX Font Info:    ... okay on input line 141.
LaTeX Font Info:    Checking defaults for OT1/cmr/m/n on input line 141.
LaTeX Font Info:    ... okay on input line 141.
LaTeX Font Info:    Checking defaults for OMS/cmsy/m/n on input line 141.
LaTeX Font Info:    ... okay on input line 141.
LaTeX Font Info:    Checking defaults for OMX/cmex/m/n on input line 141.
LaTeX Font Info:    ... okay on input line 141.
LaTeX Font Info:    Checking defaults for U/cmr/m/n on input line 141.
LaTeX Font Info:    ... okay on input line 141.
LaTeX Font Info:    Checking defaults for PD1/pdf/m/n on input line 141.
LaTeX Font Info:    ... okay on input line 141.
LaTeX Font Info:    Try loading font information for T1+lmr on input line 141.
 ("C:\Program Files (x86)\MiKTeX 2.9\tex\latex\lm\t1lmr.fd"
File: t1lmr.fd 2009/10/30 v1.6 Font defs for Latin Modern
)
\AtBeginShipoutBox=\box33
Package hyperref Info: Link coloring ON on input line 141.

("C:\Program Files (x86)\MiKTeX 2.9\tex\latex\hyperref\nameref.sty"
Package: nameref 2012/10/27 v2.43 Cross-referencing by name of section

("C:\Program Files (x86)\MiKTeX 2.9\tex\generic\oberdiek\gettitlestring.sty"
Package: gettitlestring 2010/12/03 v1.4 Cleanup title references (HO)
)
\c@section@level=\count185
)
Redoing nameref's sectioning
Redoing nameref's label
LaTeX Info: Redefining \nameref on input line 141.
LaTeX Info: Redefining \ref on input line 141.
LaTeX Info: Redefining \pageref on input line 141.
LaTeX Info: Redefining \nameref on input line 141.
LaTeX Info: Redefining \degres on input line 141.

Package frenchb.ldf Warning: The definition of \@makecaption has been changed,
(frenchb.ldf)                frenchb will NOT customise it;
(frenchb.ldf)                reported on input line 141.

LaTeX Info: Redefining \dots on input line 141.
LaTeX Info: Redefining \up on input line 141.
\myptabbox=\box34
\myptabboxwidth=\skip203
Package lastpage Info: Please have a look at the pageslts package at
(lastpage)             https://www.ctan.org/pkg/pageslts
(lastpage)             ! on input line 141.
("C:\Program Files (x86)\MiKTeX 2.9\tex\context\base\supp-pdf.mkii"
[Loading MPS to PDF converter (version 2006.09.02).]
\scratchcounter=\count186
\scratchdimen=\dimen169
\scratchbox=\box35
\nofMPsegments=\count187
\nofMParguments=\count188
\everyMPshowfont=\toks34
\MPscratchCnt=\count189
\MPscratchDim=\dimen170
\MPnumerator=\count190
\makeMPintoPDFobject=\count191
\everyMPtoPDFconversion=\toks35
)
LaTeX Info: Redefining \microtypecontext on input line 141.
Package microtype Info: Generating PDF output.
Package microtype Info: Character protrusion enabled (level 2).
Package microtype Info: Using default protrusion set `alltext'.
Package microtype Info: Automatic font expansion enabled (level 2),
(microtype)             stretch: 20, shrink: 20, step: 1, non-selected.
Package microtype Info: Using default expansion set `basictext'.
Package microtype Info: No adjustment of tracking.
Package microtype Info: No adjustment of interword spacing.
Package microtype Info: No adjustment of character kerning.
 ("C:\Program Files (x86)\MiKTeX 2.9\tex\latex\microtype\mt-cmr.cfg"
File: mt-cmr.cfg 2013/05/19 v2.2 microtype config. file: Computer Modern Roman 
(RS)
)
LaTeX Font Info:    Try loading font information for T1+lmss on input line 153.


("C:\Program Files (x86)\MiKTeX 2.9\tex\latex\lm\t1lmss.fd"
File: t1lmss.fd 2009/10/30 v1.6 Font defs for Latin Modern
)
Package microtype Info: Loading generic settings for font family
(microtype)             `lmss' (encoding: T1).
(microtype)             For optimal results, create family-specific settings.
(microtype)             See the microtype manual for details.
 [1

{C:/ProgramData/MiKTeX/2.9/pdftex/config/pdftex.map}]
LaTeX Font Info:    Try loading font information for OT1+lmr on input line 162.


("C:\Program Files (x86)\MiKTeX 2.9\tex\latex\lm\ot1lmr.fd"
File: ot1lmr.fd 2009/10/30 v1.6 Font defs for Latin Modern
)
LaTeX Font Info:    Try loading font information for OML+lmm on input line 162.


("C:\Program Files (x86)\MiKTeX 2.9\tex\latex\lm\omllmm.fd"
File: omllmm.fd 2009/10/30 v1.6 Font defs for Latin Modern
)
LaTeX Font Info:    Try loading font information for OMS+lmsy on input line 162
.

("C:\Program Files (x86)\MiKTeX 2.9\tex\latex\lm\omslmsy.fd"
File: omslmsy.fd 2009/10/30 v1.6 Font defs for Latin Modern
)
LaTeX Font Info:    Try loading font information for OMX+lmex on input line 162
.

("C:\Program Files (x86)\MiKTeX 2.9\tex\latex\lm\omxlmex.fd"
File: omxlmex.fd 2009/10/30 v1.6 Font defs for Latin Modern
)
LaTeX Font Info:    External font `lmex10' loaded for size
(Font)              <12> on input line 162.
LaTeX Font Info:    External font `lmex10' loaded for size
(Font)              <8> on input line 162.
LaTeX Font Info:    External font `lmex10' loaded for size
(Font)              <6> on input line 162.
pdfTeX warning (ext4): destination with the same identifier (name{page.1}) has 
been already used, duplicate ignored
<to be read again> 
                   \relax 
l.162 
       [1



]
Underfull \hbox (badness 10000) in paragraph at lines 188--189

 []


Overfull \hbox (16.44858pt too wide) in paragraph at lines 190--193
[]  [] 
 []


Underfull \hbox (badness 10000) in paragraph at lines 190--193

 []


Underfull \hbox (badness 10000) in paragraph at lines 194--195

 []


Underfull \hbox (badness 10000) in paragraph at lines 196--203

 []


Underfull \hbox (badness 10000) in paragraph at lines 204--205

 []

LaTeX Font Info:    External font `lmex10' loaded for size
(Font)              <10> on input line 206.
LaTeX Font Info:    External font `lmex10' loaded for size
(Font)              <7> on input line 206.
LaTeX Font Info:    External font `lmex10' loaded for size
(Font)              <5> on input line 206.
[2] [3

] [4


] [5

] [6

] [7

]
(D:\GitHub\Cubesat-Power\Como\Documenta√ß√£o\Power_System\TCC_Sist_Gerenciament
o_Potencia.lof [8

]) [9] [10]
(D:\GitHub\Cubesat-Power\Como\Documenta√ß√£o\Power_System\TCC_Sist_Gerenciament
o_Potencia.lot) [11

] [12


] [13


]
(D:\GitHub\Cubesat-Power\Como\Documenta√ß√£o\Power_System\TCC_Sist_Gerenciament
o_Potencia.toc [14

]
LaTeX Font Info:    External font `lmex10' loaded for size
(Font)              <14.4> on input line 73.

Overfull \hbox (13.8419pt too wide) in paragraph at lines 101--101
 [][] [][][]\T1/lmss/bx/n/12 RESULTADOS DO EN-SAIO RE-A-LI-ZADO NO CON- 
 []


Overfull \hbox (13.8419pt too wide) in paragraph at lines 105--105
 [][] [][][]\T1/lmss/bx/n/12 RESULTADOS DO EN-SAIO RE-A-LI-ZADO NO CON- 
 []

[15]
Overfull \hbox (13.8419pt too wide) in paragraph at lines 109--109
 [][] [][][]\T1/lmss/bx/n/12 RESULTADOS DO EN-SAIO RE-A-LI-ZADO NO CON- 
 []


Overfull \hbox (25.21204pt too wide) in paragraph at lines 113--113
 [][] [][][]\T1/lmss/bx/n/12 RESULTADOS DO EN-SAIO RE-A-LI-ZADO NA CHAVE 
 []


Overfull \hbox (1.5877pt too wide) detected at line 117
 \T1/lmss/bx/n/12 100
 []


Overfull \hbox (1.5877pt too wide) detected at line 118
 \T1/lmss/bx/n/12 100
 []


Overfull \hbox (1.5877pt too wide) detected at line 119
 \T1/lmss/bx/n/12 100
 []


Overfull \hbox (1.5877pt too wide) detected at line 120
 \T1/lmss/bx/n/12 100
 []


Overfull \hbox (1.5877pt too wide) detected at line 121
 \T1/lmss/bx/n/12 100
 []

) [16] [17


] [18]
LaTeX Font Info:    Font shape `T1/lmss/m/it' in size <17.28> not available
(Font)              Font shape `T1/lmss/m/sl' tried instead on input line 454.
 <./figs/cubesat_01.jpg, id=450, 351.3125pt x 214.8025pt>
File: ./figs/cubesat_01.jpg Graphic file (type jpg)

<use ./figs/cubesat_01.jpg>
Package pdftex.def Info: ./figs/cubesat_01.jpg used on input line 464.
(pdftex.def)             Requested size: 364.00139pt x 222.57976pt.
LaTeX Font Info:    External font `lmex10' loaded for size
(Font)              <10.95> on input line 467.

<./figs/cubesat_02.png, id=453, 387.4475pt x 344.0855pt>
File: ./figs/cubesat_02.png Graphic file (type png)

<use ./figs/cubesat_02.png>
Package pdftex.def Info: ./figs/cubesat_02.png used on input line 477.
(pdftex.def)             Requested size: 181.99722pt x 161.63095pt.
 [19

 <D:/GitHub/Cubesat-Power/Como/Documenta√ß√£o/Power_System/figs/cubesat_01.jpg>
] [20 <D:/GitHub/Cubesat-Power/Como/Documenta√ß√£o/Power_System/figs/cubesat_02
.png>]
LaTeX Font Info:    Try loading font information for OMS+lmr on input line 499.


("C:\Program Files (x86)\MiKTeX 2.9\tex\latex\lm\omslmr.fd"
File: omslmr.fd 2009/10/30 v1.6 Font defs for Latin Modern
)
LaTeX Font Info:    Font shape `OMS/lmr/m/n' in size <12> not available
(Font)              Font shape `OMS/lmsy/m/n' tried instead on input line 499.
 [21]
<./figs/cubesat_03.png, id=493, 264.99pt x 170.13562pt>
File: ./figs/cubesat_03.png Graphic file (type png)

<use ./figs/cubesat_03.png>
Package pdftex.def Info: ./figs/cubesat_03.png used on input line 537.
(pdftex.def)             Requested size: 295.74722pt x 189.89638pt.
 [22 <D:/GitHub/Cubesat-Power/Como/Documenta√ß√£o/Power_System/figs/cubesat_03.
png>]
Underfull \hbox (badness 2635) in paragraph at lines 560--560
[]|\T1/lmr/bx/n/12 Densidade ener-
 []


Underfull \hbox (badness 10000) in paragraph at lines 562--562
[]|\T1/lmr/bx/n/12 ResistÍncia in-
 []


Underfull \hbox (badness 10000) in paragraph at lines 566--566
[]|\T1/lmr/bx/n/12 Tempo para
 []


Underfull \hbox (badness 4713) in paragraph at lines 568--568
[]|\T1/lmr/bx/n/12 Toler‚ncia para
 []


Overfull \hbox (5.01628pt too wide) in paragraph at lines 568--568
[]|\T1/lmr/m/n/12 (-20) Moderada| 
 []


Underfull \hbox (badness 10000) in paragraph at lines 568--568
[]|\T1/lmr/m/n/12 (+20) Muito
 []


Underfull \hbox (badness 10000) in paragraph at lines 570--570
[]|\T1/lmr/bx/n/12 Auto-descarga
 []


Underfull \hbox (badness 10000) in paragraph at lines 574--574
[]|\T1/lmr/bx/n/12 Corrente de
 []


Underfull \hbox (badness 10000) in paragraph at lines 578--578
[]|\T1/lmr/bx/n/12 ManutenÁ„o
 []


Underfull \hbox (badness 4872) in paragraph at lines 580--580
[]|\T1/lmr/bx/n/12 ComparaÁ„o de
 []

[23] <./figs/funcionamento_bateria.png, id=514, 571.38469pt x 389.20406pt>
File: ./figs/funcionamento_bateria.png Graphic file (type png)

<use ./figs/funcionamento_bateria.png>
Package pdftex.def Info: ./figs/funcionamento_bateria.png used on input line 62
4.
(pdftex.def)             Requested size: 273.00278pt x 185.96063pt.
 [24 <D:/GitHub/Cubesat-Power/Como/Documenta√ß√£o/Power_System/figs/funcionamen
to_bateria.png>]
<./figs/cone_solar.png, id=526, 788.19469pt x 397.485pt>
File: ./figs/cone_solar.png Graphic file (type png)

<use ./figs/cone_solar.png>
Package pdftex.def Info: ./figs/cone_solar.png used on input line 642.
(pdftex.def)             Requested size: 318.49861pt x 160.61662pt.

<./figs/cells.png, id=530, 383.18156pt x 188.20313pt>
File: ./figs/cells.png Graphic file (type png)
 <use ./figs/cells.png>
Package pdftex.def Info: ./figs/cells.png used on input line 657.
(pdftex.def)             Requested size: 318.49861pt x 156.44115pt.

[25 <D:/GitHub/Cubesat-Power/Como/Documenta√ß√£o/Power_System/figs/cone_solar.p
ng>] <./figs/cell_comp1.png, id=539, 249.18094pt x 220.57407pt>
File: ./figs/cell_comp1.png Graphic file (type png)

<use ./figs/cell_comp1.png>
Package pdftex.def Info: ./figs/cell_comp1.png used on input line 674.
(pdftex.def)             Requested size: 250.25139pt x 221.526pt.
 [26 <D:/GitHub/Cubesat-Power/Como/Documenta√ß√£o/Power_System/figs/cells.png> 
<D:/GitHub/Cubesat-Power/Como/Documenta√ß√£o/Power_System/figs/cell_comp1.png>]

<./figs/cell_comp2.png, id=546, 218.31563pt x 188.20313pt>
File: ./figs/cell_comp2.png Graphic file (type png)

<use ./figs/cell_comp2.png>
Package pdftex.def Info: ./figs/cell_comp2.png used on input line 691.
(pdftex.def)             Requested size: 273.00278pt x 235.34807pt.

<./figs/cell_mult.png, id=550, 400.49625pt x 185.19188pt>
File: ./figs/cell_mult.png Graphic file (type png)

<use ./figs/cell_mult.png>
Package pdftex.def Info: ./figs/cell_mult.png used on input line 704.
(pdftex.def)             Requested size: 409.49722pt x 189.3651pt.
 [27 <D:/GitHub/Cubesat-Power/Como/Documenta√ß√£o/Power_System/figs/cell_comp2.
png> <D:/GitHub/Cubesat-Power/Como/Documenta√ß√£o/Power_System/figs/cell_mult.p
ng>]
<./figs/cell_comp3.png, id=558, 249.18094pt x 85.06781pt>
File: ./figs/cell_comp3.png Graphic file (type png)

<use ./figs/cell_comp3.png>
Package pdftex.def Info: ./figs/cell_comp3.png used on input line 718.
(pdftex.def)             Requested size: 273.00278pt x 93.20882pt.

<./figs/fotocelula.png, id=566, 502.12593pt x 335.75438pt>
File: ./figs/fotocelula.png Graphic file (type png)

<use ./figs/fotocelula.png>
Package pdftex.def Info: ./figs/fotocelula.png used on input line 737.
(pdftex.def)             Requested size: 273.00278pt x 182.55472pt.
LaTeX Font Info:    Font shape `T1/lmss/m/it' in size <14.4> not available
(Font)              Font shape `T1/lmss/m/sl' tried instead on input line 744.
 [28 <D:/GitHub/Cubesat-Power/Como/Documenta√ß√£o/Power_System/figs/cell_comp3.
png> <D:/GitHub/Cubesat-Power/Como/Documenta√ß√£o/Power_System/figs/fotocelula.
png>]
<./figs/cell_vis.jpg, id=576, 675.27281pt x 673.76718pt>
File: ./figs/cell_vis.jpg Graphic file (type jpg)

<use ./figs/cell_vis.jpg>
Package pdftex.def Info: ./figs/cell_vis.jpg used on input line 752.
(pdftex.def)             Requested size: 273.00278pt x 272.40129pt.
 [29 <D:/GitHub/Cubesat-Power/Como/Documenta√ß√£o/Power_System/figs/cell_vis.jp
g>]
Overfull \hbox (4.36517pt too wide) in paragraph at lines 777--777
[]|\T1/lmr/m/n/12 (-20) GaInP2/GaAs/Ge| 
 []


Overfull \hbox (4.36517pt too wide) in paragraph at lines 777--777
[]|\T1/lmr/m/n/12 (-20) GaInP2/GaAs/Ge| 
 []


Overfull \hbox (4.36517pt too wide) in paragraph at lines 777--777
[]|\T1/lmr/m/n/12 (-20) GaInP2/GaAs/Ge| 
 []


Overfull \hbox (4.36517pt too wide) in paragraph at lines 777--778
[]|\T1/lmr/m/n/12 (-20) GaInP2/GaAs/Ge| 
 []


Overfull \hbox (1.52792pt too wide) in paragraph at lines 783--783
[]|\T1/lmr/bx/n/12 Dimensional| 
 []


Overfull \hbox (30.54668pt too wide) in paragraph at lines 772--787
[][] 
 []

<./figs/UTJ.png, id=584, 304.88907pt x 105.39375pt>
File: ./figs/UTJ.png Graphic file (type png)
 <use ./figs/UTJ.png>
Package pdftex.def Info: ./figs/UTJ.png used on input line 803.
(pdftex.def)             Requested size: 455.0pt x 157.28934pt.

Underfull \hbox (badness 10000) in paragraph at lines 818--818
[]|\T1/lmr/bx/it/12 BTJM PV
 []


Overfull \hbox (1.52792pt too wide) in paragraph at lines 828--828
[]|\T1/lmr/bx/n/12 Dimensional| 
 []


Overfull \hbox (30.54668pt too wide) in paragraph at lines 817--832
[][] 
 []

[30 <D:/GitHub/Cubesat-Power/Como/Documenta√ß√£o/Power_System/figs/UTJ.png>]
<./figs/ZTJ.png, id=599, 161.10187pt x 83.5622pt>
File: ./figs/ZTJ.png Graphic file (type png)
 <use ./figs/ZTJ.png>
Package pdftex.def Info: ./figs/ZTJ.png used on input line 848.
(pdftex.def)             Requested size: 227.5pt x 118.00757pt.

Underfull \hbox (badness 10000) in paragraph at lines 863--863
[]|\T1/lmr/bx/it/12 3G30C-Large-
 []


Overfull \hbox (1.52792pt too wide) in paragraph at lines 873--873
[]|\T1/lmr/bx/n/12 Dimensional| 
 []


Overfull \hbox (30.54668pt too wide) in paragraph at lines 862--877
[][] 
 []

[31 <D:/GitHub/Cubesat-Power/Como/Documenta√ß√£o/Power_System/figs/ZTJ.png>]
File: ./figs/ZTJ.png Graphic file (type png)

<use ./figs/ZTJ.png>
Package pdftex.def Info: ./figs/ZTJ.png used on input line 893.
(pdftex.def)             Requested size: 227.5pt x 118.00757pt.
 <./figs/orbita_temp.png, id=613, 325.215pt x 275.52937pt>
File: ./figs/orbita_temp.png Graphic file (type png)

<use ./figs/orbita_temp.png>
Package pdftex.def Info: ./figs/orbita_temp.png used on input line 912.
(pdftex.def)             Requested size: 364.00139pt x 308.4142pt.
 [32]
<./figs/x7r.png, id=623, 361.35pt x 182.93344pt>
File: ./figs/x7r.png Graphic file (type png)
 <use ./figs/x7r.png>
Package pdftex.def Info: ./figs/x7r.png used on input line 926.
(pdftex.def)             Requested size: 364.00139pt x 184.2784pt.
 [33 <D:/GitHub/Cubesat-Power/Como/Documenta√ß√£o/Power_System/figs/orbita_temp
.png> <D:/GitHub/Cubesat-Power/Como/Documenta√ß√£o/Power_System/figs/x7r.png>]
<./figs/y5v.png, id=633, 490.08093pt x 344.03531pt>
File: ./figs/y5v.png Graphic file (type png)
 <use ./figs/y5v.png>
Package pdftex.def Info: ./figs/y5v.png used on input line 942.
(pdftex.def)             Requested size: 364.00139pt x 255.5323pt.

<./figs/banda.png, id=640, 440.39531pt x 353.82187pt>
File: ./figs/banda.png Graphic file (type png)
 <use ./figs/banda.png>
Package pdftex.def Info: ./figs/banda.png used on input line 961.
(pdftex.def)             Requested size: 364.00139pt x 292.45732pt.

[34 <D:/GitHub/Cubesat-Power/Como/Documenta√ß√£o/Power_System/figs/y5v.png>]
<./figs/carregador.png, id=653, 350.05782pt x 251.43938pt>
File: ./figs/carregador.png Graphic file (type png)

<use ./figs/carregador.png>
Package pdftex.def Info: ./figs/carregador.png used on input line 980.
(pdftex.def)             Requested size: 227.5pt x 163.41063pt.
 [35 <D:/GitHub/Cubesat-Power/Como/Documenta√ß√£o/Power_System/figs/banda.png>]

<./figs/temp_carg.png, id=666, 329.73187pt x 184.43906pt>
File: ./figs/temp_carg.png Graphic file (type png)

<use ./figs/temp_carg.png>
Package pdftex.def Info: ./figs/temp_carg.png used on input line 998.
(pdftex.def)             Requested size: 304.84917pt x 170.52464pt.
 [36 <D:/GitHub/Cubesat-Power/Como/Documenta√ß√£o/Power_System/figs/carregador.
png>] [37 <D:/GitHub/Cubesat-Power/Como/Documenta√ß√£o/Power_System/figs/temp_c
arg.png>]
<./figs/buck.png, id=689, 225.09094pt x 82.05656pt>
File: ./figs/buck.png Graphic file (type png)
 <use ./figs/buck.png>
Package pdftex.def Info: ./figs/buck.png used on input line 1068.
(pdftex.def)             Requested size: 341.25pt x 124.41673pt.

[38] <./figs/boost.png, id=699, 225.84375pt x 73.77562pt>
File: ./figs/boost.png Graphic file (type png)

<use ./figs/boost.png>
Package pdftex.def Info: ./figs/boost.png used on input line 1097.
(pdftex.def)             Requested size: 341.25pt x 111.48941pt.
 [39 <D:/GitHub/Cubesat-Power/Como/Documenta√ß√£o/Power_System/figs/buck.png>] 
[40 <D:/GitHub/Cubesat-Power/Como/Documenta√ß√£o/Power_System/figs/boost.png>]
<./figs/diag_blocos.png, id=714, 543.53062pt x 408.02437pt>
File: ./figs/diag_blocos.png Graphic file (type png)

<use ./figs/diag_blocos.png>
Package pdftex.def Info: ./figs/diag_blocos.png used on input line 1138.
(pdftex.def)             Requested size: 455.0pt x 341.58011pt.
 [41

]
<./figs/diag_blocos_inicial.png, id=722, 579.66562pt x 387.69844pt>
File: ./figs/diag_blocos_inicial.png Graphic file (type png)

<use ./figs/diag_blocos_inicial.png>
Package pdftex.def Info: ./figs/diag_blocos_inicial.png used on input line 1156
.
(pdftex.def)             Requested size: 455.0pt x 304.32027pt.
 [42 <D:/GitHub/Cubesat-Power/Como/Documenta√ß√£o/Power_System/figs/diag_blocos
.png>] [43 <D:/GitHub/Cubesat-Power/Como/Documenta√ß√£o/Power_System/figs/diag_
blocos_inicial.png>]
<./figs/cubesat_04.png, id=736, 471.26062pt x 315.42844pt>
File: ./figs/cubesat_04.png Graphic file (type png)

<use ./figs/cubesat_04.png>
Package pdftex.def Info: ./figs/cubesat_04.png used on input line 1229.
(pdftex.def)             Requested size: 364.00139pt x 243.6411pt.
 [44] [45 <D:/GitHub/Cubesat-Power/Como/Documenta√ß√£o/Power_System/figs/cubesa
t_04.png>]
<./figs/TrisolX.png, id=752, 185.94469pt x 84.315pt>
File: ./figs/TrisolX.png Graphic file (type png)
 <use ./figs/TrisolX.png>
Package pdftex.def Info: ./figs/TrisolX.png used on input line 1273.
(pdftex.def)             Requested size: 227.5pt x 103.16132pt.

[46 <D:/GitHub/Cubesat-Power/Como/Documenta√ß√£o/Power_System/figs/TrisolX.png>
] [47] [48] [49] <./figs/circ_cell.png, id=789, 295.85532pt x 311.66437pt>
File: ./figs/circ_cell.png Graphic file (type png)

<use ./figs/circ_cell.png>
Package pdftex.def Info: ./figs/circ_cell.png used on input line 1451.
(pdftex.def)             Requested size: 273.00278pt x 287.60022pt.
 [50]
<./figs/layout_cell.png, id=798, 226.59656pt x 169.38281pt>
File: ./figs/layout_cell.png Graphic file (type png)

<use ./figs/layout_cell.png>
Package pdftex.def Info: ./figs/layout_cell.png used on input line 1465.
(pdftex.def)             Requested size: 273.00278pt x 204.07248pt.
 [51 <D:/GitHub/Cubesat-Power/Como/Documenta√ß√£o/Power_System/figs/circ_cell.p
ng> <D:/GitHub/Cubesat-Power/Como/Documenta√ß√£o/Power_System/figs/layout_cell.
png>]
<./figs/painel_solar.png, id=806, 212.29312pt x 272.51813pt>
File: ./figs/painel_solar.png Graphic file (type png)

<use ./figs/painel_solar.png>
Package pdftex.def Info: ./figs/painel_solar.png used on input line 1477.
(pdftex.def)             Requested size: 341.25pt x 438.07962pt.

<./figs/setup_solar.png, id=808, 216.05719pt x 137.01187pt>
File: ./figs/setup_solar.png Graphic file (type png)

<use ./figs/setup_solar.png>
Package pdftex.def Info: ./figs/setup_solar.png used on input line 1490.
(pdftex.def)             Requested size: 364.00139pt x 230.85573pt.
 [52 <D:/GitHub/Cubesat-Power/Como/Documenta√ß√£o/Power_System/figs/painel_sola
r.png>] [53 <D:/GitHub/Cubesat-Power/Como/Documenta√ß√£o/Power_System/figs/setu
p_solar.png>]
<./figs/circ_back.png, id=820, 622.57594pt x 338.01282pt>
File: ./figs/circ_back.png Graphic file (type png)

<use ./figs/circ_back.png>
Package pdftex.def Info: ./figs/circ_back.png used on input line 1545.
(pdftex.def)             Requested size: 409.49722pt x 222.33096pt.
 [54 <D:/GitHub/Cubesat-Power/Como/Documenta√ß√£o/Power_System/figs/circ_back.p
ng>]
<./figs/layout_carg.png, id=832, 269.50688pt x 292.84406pt>
File: ./figs/layout_carg.png Graphic file (type png)

<use ./figs/layout_carg.png>
Package pdftex.def Info: ./figs/layout_carg.png used on input line 1560.
(pdftex.def)             Requested size: 168.34778pt x 182.92877pt.

<./figs/placa_carreg.png, id=836, 216.05719pt x 221.32687pt>
File: ./figs/placa_carreg.png Graphic file (type png)

<use ./figs/placa_carreg.png>
Package pdftex.def Info: ./figs/placa_carreg.png used on input line 1575.
(pdftex.def)             Requested size: 168.34778pt x 172.45863pt.
 [55 <D:/GitHub/Cubesat-Power/Como/Documenta√ß√£o/Power_System/figs/layout_carg
.png> <D:/GitHub/Cubesat-Power/Como/Documenta√ß√£o/Power_System/figs/placa_carr
eg.png>]
<./figs/chave_id.png, id=844, 258.9675pt x 352.31625pt>
File: ./figs/chave_id.png Graphic file (type png)

<use ./figs/chave_id.png>
Package pdftex.def Info: ./figs/chave_id.png used on input line 1593.
(pdftex.def)             Requested size: 227.5pt x 309.51779pt.

<./figs/pl_cont.png, id=846, 392.21532pt x 295.85532pt>
File: ./figs/pl_cont.png Graphic file (type png)

<use ./figs/pl_cont.png>
Package pdftex.def Info: ./figs/pl_cont.png used on input line 1606.
(pdftex.def)             Requested size: 273.00278pt x 205.94162pt.
 [56 <D:/GitHub/Cubesat-Power/Como/Documenta√ß√£o/Power_System/figs/chave_id.pn
g>]
<./figs/cont_top.png, id=854, 266.49562pt x 240.9pt>
File: ./figs/cont_top.png Graphic file (type png)
 <use ./figs/cont_top.png>
Package pdftex.def Info: ./figs/cont_top.png used on input line 1621.
(pdftex.def)             Requested size: 273.00278pt x 246.80278pt.

<./figs/cont_bottom.png, id=855, 281.55188pt x 256.70906pt>
File: ./figs/cont_bottom.png Graphic file (type png)

<use ./figs/cont_bottom.png>
Package pdftex.def Info: ./figs/cont_bottom.png used on input line 1632.
(pdftex.def)             Requested size: 273.00278pt x 248.92914pt.
 [57 <D:/GitHub/Cubesat-Power/Como/Documenta√ß√£o/Power_System/figs/pl_cont.png
> <D:/GitHub/Cubesat-Power/Como/Documenta√ß√£o/Power_System/figs/cont_top.png>]

<./figs/esq_cont.png, id=862, 496.10344pt x 198.7425pt>
File: ./figs/esq_cont.png Graphic file (type png)

<use ./figs/esq_cont.png>
Package pdftex.def Info: ./figs/esq_cont.png used on input line 1645.
(pdftex.def)             Requested size: 455.0pt x 182.27821pt.
 [58 <D:/GitHub/Cubesat-Power/Como/Documenta√ß√£o/Power_System/figs/cont_bottom
.png> <D:/GitHub/Cubesat-Power/Como/Documenta√ß√£o/Power_System/figs/esq_cont.p
ng>]
<./figs/setup_cont.png, id=869, 508.14844pt x 328.97906pt>
File: ./figs/setup_cont.png Graphic file (type png)

<use ./figs/setup_cont.png>
Package pdftex.def Info: ./figs/setup_cont.png used on input line 1688.
(pdftex.def)             Requested size: 455.0pt x 294.5825pt.
 [59 <D:/GitHub/Cubesat-Power/Como/Documenta√ß√£o/Power_System/figs/setup_cont.
png>]
<./figs/circ_test_cont.png, id=877, 511.9125pt x 257.46187pt>
File: ./figs/circ_test_cont.png Graphic file (type png)

<use ./figs/circ_test_cont.png>
Package pdftex.def Info: ./figs/circ_test_cont.png used on input line 1702.
(pdftex.def)             Requested size: 455.0pt x 228.83783pt.
 [60 <D:/GitHub/Cubesat-Power/Como/Documenta√ß√£o/Power_System/figs/circ_test_c
ont.png>]
<./figs/fluxo_simples.png, id=890, 161.85469pt x 655.69969pt>
File: ./figs/fluxo_simples.png Graphic file (type png)

<use ./figs/fluxo_simples.png>
Package pdftex.def Info: ./figs/fluxo_simples.png used on input line 1732.
(pdftex.def)             Requested size: 127.39944pt x 516.1161pt.
 [61 <D:/GitHub/Cubesat-Power/Como/Documenta√ß√£o/Power_System/figs/fluxo_simpl
es.png>]
<./figs/fluxo_detalhado.png, id=895, 461.47406pt x 759.58781pt>
File: ./figs/fluxo_detalhado.png Graphic file (type png)

<use ./figs/fluxo_detalhado.png>
Package pdftex.def Info: ./figs/fluxo_detalhado.png used on input line 1754.
(pdftex.def)             Requested size: 341.25pt x 561.69211pt.
 [62] [63 <D:/GitHub/Cubesat-Power/Como/Documenta√ß√£o/Power_System/figs/fluxo_
detalhado.png>] [64]
<./figs/Simulador.jpg, id=913, 664.4825pt x 659.46375pt>
File: ./figs/Simulador.jpg Graphic file (type jpg)

<use ./figs/Simulador.jpg>
Package pdftex.def Info: ./figs/Simulador.jpg used on input line 1832.
(pdftex.def)             Requested size: 181.99722pt x 180.62355pt.
 [65 <D:/GitHub/Cubesat-Power/Como/Documenta√ß√£o/Power_System/figs/Simulador.j
pg>]
<./figs/simulador_conexao.jpg, id=919, 575.14874pt x 558.085pt>
File: ./figs/simulador_conexao.jpg Graphic file (type jpg)

<use ./figs/simulador_conexao.jpg>
Package pdftex.def Info: ./figs/simulador_conexao.jpg used on input line 1846.
(pdftex.def)             Requested size: 227.5pt x 220.75198pt.
 [66 <D:/GitHub/Cubesat-Power/Como/Documenta√ß√£o/Power_System/figs/simulador_c
onexao.jpg>]
<./figs/int.png, id=928, 718.18312pt x 445.665pt>
File: ./figs/int.png Graphic file (type png)
 <use ./figs/int.png>
Package pdftex.def Info: ./figs/int.png used on input line 1900.
(pdftex.def)             Requested size: 455.0pt x 282.3549pt.
 [67 <D:/GitHub/Cubesat-Power/Como/Documenta√ß√£o/Power_System/figs/int.png>]
<./figs/over.png, id=936, 1014.79124pt x 502.87875pt>
File: ./figs/over.png Graphic file (type png)
 <use ./figs/over.png>
Package pdftex.def Info: ./figs/over.png used on input line 1929.
(pdftex.def)             Requested size: 455.0pt x 225.47229pt.

[68] <./figs/3v3.png, id=942, 1020.81375pt x 504.38437pt>
File: ./figs/3v3.png Graphic file (type png)
 <use ./figs/3v3.png>
Package pdftex.def Info: ./figs/3v3.png used on input line 1943.
(pdftex.def)             Requested size: 455.0pt x 224.8159pt.

<./figs/ch.png, id=944, 1024.57782pt x 528.47438pt>
File: ./figs/ch.png Graphic file (type png)
 <use ./figs/ch.png>
Package pdftex.def Info: ./figs/ch.png used on input line 1956.
(pdftex.def)             Requested size: 455.0pt x 234.69055pt.

[69 <D:/GitHub/Cubesat-Power/Como/Documenta√ß√£o/Power_System/figs/over.png> <D
:/GitHub/Cubesat-Power/Como/Documenta√ß√£o/Power_System/figs/3v3.png>] [70 <D:/
GitHub/Cubesat-Power/Como/Documenta√ß√£o/Power_System/figs/ch.png>]
<./figs/ens_cell.png, id=957, 372.64218pt x 208.52907pt>
File: ./figs/ens_cell.png Graphic file (type png)

<use ./figs/ens_cell.png>
Package pdftex.def Info: ./figs/ens_cell.png used on input line 1996.
(pdftex.def)             Requested size: 318.49861pt x 178.23692pt.
 [71

 <D:/GitHub/Cubesat-Power/Como/Documenta√ß√£o/Power_System/figs/ens_cell.png>]
<./figs/ens_cell4.png, id=965, 705.38531pt x 300.3722pt>
File: ./figs/ens_cell4.png Graphic file (type png)

<use ./figs/ens_cell4.png>
Package pdftex.def Info: ./figs/ens_cell4.png used on input line 2014.
(pdftex.def)             Requested size: 455.0pt x 193.75003pt.

<./figs/rend5.png, id=968, 508.90125pt x 236.38312pt>
File: ./figs/rend5.png Graphic file (type png)
 <use ./figs/rend5.png>
Package pdftex.def Info: ./figs/rend5.png used on input line 2031.
(pdftex.def)             Requested size: 409.49722pt x 190.21767pt.

[72 <D:/GitHub/Cubesat-Power/Como/Documenta√ß√£o/Power_System/figs/ens_cell4.pn
g>] <./figs/rend12.png, id=979, 507.39563pt x 233.37187pt>
File: ./figs/rend12.png Graphic file (type png)

<use ./figs/rend12.png>
Package pdftex.def Info: ./figs/rend12.png used on input line 2069.
(pdftex.def)             Requested size: 409.49722pt x 188.35002pt.
 [73 <D:/GitHub/Cubesat-Power/Como/Documenta√ß√£o/Power_System/figs/rend5.png> 
<D:/GitHub/Cubesat-Power/Como/Documenta√ß√£o/Power_System/figs/rend12.png>] <./
figs/rendch5.png, id=989, 502.12593pt x 235.63031pt>
File: ./figs/rendch5.png Graphic file (type png)

<use ./figs/rendch5.png>
Package pdftex.def Info: ./figs/rendch5.png used on input line 2106.
(pdftex.def)             Requested size: 364.00139pt x 170.8222pt.
 [74 <D:/GitHub/Cubesat-Power/Como/Documenta√ß√£o/Power_System/figs/rendch5.png
>] <./figs/cube.jpg, id=1000, 770.88pt x 1027.84pt>
File: ./figs/cube.jpg Graphic file (type jpg)

<use ./figs/cube.jpg>
Package pdftex.def Info: ./figs/cube.jpg used on input line 2146.
(pdftex.def)             Requested size: 227.5pt x 303.31996pt.
 [75 <D:/GitHub/Cubesat-Power/Como/Documenta√ß√£o/Power_System/figs/cube.jpg>] 
[76

]
(D:\GitHub\Cubesat-Power\Como\Documenta√ß√£o\Power_System\TCC_Sist_Gerenciament
o_Potencia.bbl
(D:\GitHub\Cubesat-Power\Como\Documenta√ß√£o\Power_System\TCC_Sist_Gerenciament
o_Potencia.brf)
\tf@brf=\write5
 [77]

Package hyperref Warning: Token not allowed in a PDF string (PDFDocEncoding):
(hyperref)                removing `\uppercase' on input line 3.

bibitemlist
[78

] [79] [80]) [81]

Package hyperref Warning: Token not allowed in a PDF string (PDFDocEncoding):
(hyperref)                removing `\uppercase' on input line 2219.

[82


]
LaTeX Font Info:    Font shape `T1/lmss/m/it' in size <24.88> not available
(Font)              Font shape `T1/lmss/m/sl' tried instead on input line 2221.

 <./anexos/Pedido189845.png, id=1204, 710.655pt x 1026.83624pt>
File: ./anexos/Pedido189845.png Graphic file (type png)

<use ./anexos/Pedido189845.png>
Package pdftex.def Info: ./anexos/Pedido189845.png used on input line 2228.
(pdftex.def)             Requested size: 386.75278pt x 558.8391pt.

<./anexos/Pedido1898452.png, id=1205, 713.66624pt x 971.12813pt>
File: ./anexos/Pedido1898452.png Graphic file (type png)

<use ./anexos/Pedido1898452.png>
Package pdftex.def Info: ./anexos/Pedido1898452.png used on input line 2233.
(pdftex.def)             Requested size: 409.49722pt x 557.22371pt.

<./anexos/Pedido1898453.png, id=1206, 712.16063pt x 394.47375pt>
File: ./anexos/Pedido1898453.png Graphic file (type png)

<use ./anexos/Pedido1898453.png>
Package pdftex.def Info: ./anexos/Pedido1898453.png used on input line 2238.
(pdftex.def)             Requested size: 409.49722pt x 226.82063pt.
 [83

 <D:/GitHub/Cubesat-Power/Como/Documenta√ß√£o/Power_System/anexos/Pedido189845.
png>] [84 <D:/GitHub/Cubesat-Power/Como/Documenta√ß√£o/Power_System/anexos/Pedi
do1898452.png>] [85 <D:/GitHub/Cubesat-Power/Como/Documenta√ß√£o/Power_System/a
nexos/Pedido1898453.png>]
<./anexos/proto1.png, id=1223, 249.18094pt x 173.89969pt>
File: ./anexos/proto1.png Graphic file (type png)

<use ./anexos/proto1.png>
Package pdftex.def Info: ./anexos/proto1.png used on input line 2246.
(pdftex.def)             Requested size: 341.25pt x 238.17477pt.

<./anexos/proto2.png, id=1224, 151.3153pt x 75.28125pt>
File: ./anexos/proto2.png Graphic file (type png)

<use ./anexos/proto2.png>
Package pdftex.def Info: ./anexos/proto2.png used on input line 2256.
(pdftex.def)             Requested size: 341.25pt x 169.77866pt.

<./anexos/configproto.png, id=1225, 320.69812pt x 225.09094pt>
File: ./anexos/configproto.png Graphic file (type png)

<use ./anexos/configproto.png>
Package pdftex.def Info: ./anexos/configproto.png used on input line 2266.
(pdftex.def)             Requested size: 341.25pt x 239.52258pt.

<./anexos/proto3.png, id=1226, 346.29375pt x 203.25937pt>
File: ./anexos/proto3.png Graphic file (type png)

<use ./anexos/proto3.png>
Package pdftex.def Info: ./anexos/proto3.png used on input line 2276.
(pdftex.def)             Requested size: 341.25pt x 200.30315pt.

<./anexos/proto4.png, id=1227, 330.48468pt x 268.00125pt>
File: ./anexos/proto4.png Graphic file (type png)

<use ./anexos/proto4.png>
Package pdftex.def Info: ./anexos/proto4.png used on input line 2286.
(pdftex.def)             Requested size: 341.25pt x 276.74364pt.
 [86

 <D:/GitHub/Cubesat-Power/Como/Documenta√ß√£o/Power_System/anexos/proto1.png> <
D:/GitHub/Cubesat-Power/Como/Documenta√ß√£o/Power_System/anexos/proto2.png>] [8
7 <D:/GitHub/Cubesat-Power/Como/Documenta√ß√£o/Power_System/anexos/configproto.
png> <D:/GitHub/Cubesat-Power/Como/Documenta√ß√£o/Power_System/anexos/proto3.pn
g>] [88 <D:/GitHub/Cubesat-Power/Como/Documenta√ß√£o/Power_System/anexos/proto4
.png>]
<./anexos/placa_carreg.png, id=1241, 274.77657pt x 297.36093pt>
File: ./anexos/placa_carreg.png Graphic file (type png)

<use ./anexos/placa_carreg.png>
Package pdftex.def Info: ./anexos/placa_carreg.png used on input line 2299.
(pdftex.def)             Requested size: 341.25pt x 369.33174pt.
 [89

 <D:/GitHub/Cubesat-Power/Como/Documenta√ß√£o/Power_System/anexos/placa_carreg.
png>]
<./anexos/placa_cont.png, id=1246, 394.47375pt x 296.60812pt>
File: ./anexos/placa_cont.png Graphic file (type png)

<use ./anexos/placa_cont.png>
Package pdftex.def Info: ./anexos/placa_cont.png used on input line 2312.
(pdftex.def)             Requested size: 341.25pt x 256.58965pt.
 [90

 <D:/GitHub/Cubesat-Power/Como/Documenta√ß√£o/Power_System/anexos/placa_cont.pn
g>]
<./anexos/t_cont.png, id=1252, 441.90094pt x 371.13657pt>
File: ./anexos/t_cont.png Graphic file (type png)

<use ./anexos/t_cont.png>
Package pdftex.def Info: ./anexos/t_cont.png used on input line 2324.
(pdftex.def)             Requested size: 341.25pt x 286.61417pt.
 [91

 <D:/GitHub/Cubesat-Power/Como/Documenta√ß√£o/Power_System/anexos/t_cont.png>] 
[92

] [93]
<./anexos/cell4.png, id=1290, 283.0575pt x 925.95938pt>
File: ./anexos/cell4.png Graphic file (type png)

<use ./anexos/cell4.png>
Package pdftex.def Info: ./anexos/cell4.png used on input line 2368.
(pdftex.def)             Requested size: 159.25278pt x 520.97803pt.
 [94

 <D:/GitHub/Cubesat-Power/Como/Documenta√ß√£o/Power_System/anexos/cell4.png>]
<./anexos/rend5_1.png, id=1295, 401.24907pt x 196.48407pt>
File: ./anexos/rend5_1.png Graphic file (type png)

<use ./anexos/rend5_1.png>
Package pdftex.def Info: ./anexos/rend5_1.png used on input line 2380.
(pdftex.def)             Requested size: 341.25pt x 167.11417pt.

<./anexos/rend5_2.png, id=1296, 401.24907pt x 196.48407pt>
File: ./anexos/rend5_2.png Graphic file (type png)

<use ./anexos/rend5_2.png>
Package pdftex.def Info: ./anexos/rend5_2.png used on input line 2394.
(pdftex.def)             Requested size: 341.25pt x 167.11417pt.

<./anexos/rend5_3.png, id=1297, 401.24907pt x 196.48407pt>
File: ./anexos/rend5_3.png Graphic file (type png)

<use ./anexos/rend5_3.png>
Package pdftex.def Info: ./anexos/rend5_3.png used on input line 2408.
(pdftex.def)             Requested size: 341.25pt x 167.11417pt.
 [95

 <D:/GitHub/Cubesat-Power/Como/Documenta√ß√£o/Power_System/anexos/rend5_1.png> 
<D:/GitHub/Cubesat-Power/Como/Documenta√ß√£o/Power_System/anexos/rend5_2.png>] 
[96 <D:/GitHub/Cubesat-Power/Como/Documenta√ß√£o/Power_System/anexos/rend5_3.pn
g>]
<./anexos/rend12_1.png, id=1307, 401.24907pt x 181.42781pt>
File: ./anexos/rend12_1.png Graphic file (type png)

<use ./anexos/rend12_1.png>
Package pdftex.def Info: ./anexos/rend12_1.png used on input line 2424.
(pdftex.def)             Requested size: 341.25pt x 154.30849pt.

<./anexos/rend12_2.png, id=1308, 401.24907pt x 181.42781pt>
File: ./anexos/rend12_2.png Graphic file (type png)

<use ./anexos/rend12_2.png>
Package pdftex.def Info: ./anexos/rend12_2.png used on input line 2438.
(pdftex.def)             Requested size: 341.25pt x 154.30849pt.

<./anexos/rend12_3.png, id=1309, 401.24907pt x 181.42781pt>
File: ./anexos/rend12_3.png Graphic file (type png)

<use ./anexos/rend12_3.png>
Package pdftex.def Info: ./anexos/rend12_3.png used on input line 2452.
(pdftex.def)             Requested size: 341.25pt x 154.30849pt.
 [97

 <D:/GitHub/Cubesat-Power/Como/Documenta√ß√£o/Power_System/anexos/rend12_1.png>
 <D:/GitHub/Cubesat-Power/Como/Documenta√ß√£o/Power_System/anexos/rend12_2.png>
] [98 <D:/GitHub/Cubesat-Power/Como/Documenta√ß√£o/Power_System/anexos/rend12_3
.png>]
<./anexos/chavep.png, id=1318, 432.11438pt x 196.48407pt>
File: ./anexos/chavep.png Graphic file (type png)

<use ./anexos/chavep.png>
Package pdftex.def Info: ./anexos/chavep.png used on input line 2468.
(pdftex.def)             Requested size: 341.25pt x 155.17273pt.

<./anexos/chaveb.png, id=1319, 432.11438pt x 196.48407pt>
File: ./anexos/chaveb.png Graphic file (type png)

<use ./anexos/chaveb.png>
Package pdftex.def Info: ./anexos/chaveb.png used on input line 2482.
(pdftex.def)             Requested size: 341.25pt x 155.17273pt.
 [99

 <D:/GitHub/Cubesat-Power/Como/Documenta√ß√£o/Power_System/anexos/chavep.png> <
D:/GitHub/Cubesat-Power/Como/Documenta√ß√£o/Power_System/anexos/chaveb.png>]
<./figs/termovacuo.jpg, id=1324, 696.6025pt x 986.68625pt>
File: ./figs/termovacuo.jpg Graphic file (type jpg)

<use ./figs/termovacuo.jpg>
Package pdftex.def Info: ./figs/termovacuo.jpg used on input line 2515.
(pdftex.def)             Requested size: 227.5pt x 322.23502pt.
 [100

]
<./figs/labview.jpg, id=1329, 963.6pt x 514.92375pt>
File: ./figs/labview.jpg Graphic file (type jpg)
 <use ./figs/labview.jpg>
Package pdftex.def Info: ./figs/labview.jpg used on input line 2529.
(pdftex.def)             Requested size: 364.00139pt x 194.51021pt.

No file TCC_Sist_Gerenciamento_Potencia.ind.

AED: lastpage setting LastPage
[101 <D:/GitHub/Cubesat-Power/Como/Documenta√ß√£o/Power_System/figs/termovacuo.
jpg> <D:/GitHub/Cubesat-Power/Como/Documenta√ß√£o/Power_System/figs/labview.jpg
>]
\tf@lof=\write6
\tf@lot=\write7
\tf@toc=\write8
Package atveryend Info: Empty hook `BeforeClearDocument' on input line 2562.
Package atveryend Info: Empty hook `AfterLastShipout' on input line 2562.

(D:\GitHub\Cubesat-Power\Como\Documenta√ß√£o\Power_System\TCC_Sist_Gerenciament
o_Potencia.aux)
Package atveryend Info: Executing hook `AtVeryEndDocument' on input line 2562.
Package atveryend Info: Executing hook `AtEndAfterFileList' on input line 2562.

Package rerunfilecheck Info: File `TCC_Sist_Gerenciamento_Potencia.brf' has not
 changed.
(rerunfilecheck)             Checksum: D9F9D1295C76F045A8DFC3BB5463E2E5;3318.


LaTeX Warning: There were multiply-defined labels.

Package atveryend Info: Empty hook `AtVeryVeryEnd' on input line 2562.
 ) 
Here is how much of TeX's memory you used:
 15320 strings out of 493921
 226293 string characters out of 3144874
 388297 words of memory out of 3000000
 17683 multiletter control sequences out of 15000+200000
 117165 words of font info for 172 fonts, out of 3000000 for 9000
 841 hyphenation exceptions out of 8191
 41i,14n,35p,1424b,670s stack positions out of 5000i,500n,10000p,200000b,50000s
{C:/Program Files (x86)/MiKTeX 2.9/fonts/enc/dvips/lm/lm-rm.enc}{C:/Program F
iles (x86)/MiKTeX 2.9/fonts/enc/dvips/lm/lm-mathsy.enc}{C:/Program Files (x86)/
MiKTeX 2.9/fonts/enc/dvips/lm/lm-mathit.enc}{C:/Program Files (x86)/MiKTeX 2.9/
fonts/enc/dvips/lm/lm-ec.enc}<C:/Program Files (x86)/MiKTeX 2.9/fonts/type1/pub
lic/eurosym/feymr10.pfb><C:/Program Files (x86)/MiKTeX 2.9/fonts/type1/public/l
m/lmbx12.pfb><C:/Program Files (x86)/MiKTeX 2.9/fonts/type1/public/lm/lmbx8.pfb
><C:/Program Files (x86)/MiKTeX 2.9/fonts/type1/public/lm/lmbxi10.pfb><C:/Progr
am Files (x86)/MiKTeX 2.9/fonts/type1/public/lm/lmmi12.pfb><C:/Program Files (x
86)/MiKTeX 2.9/fonts/type1/public/lm/lmmi8.pfb><C:/Program Files (x86)/MiKTeX 2
.9/fonts/type1/public/lm/lmr10.pfb><C:/Program Files (x86)/MiKTeX 2.9/fonts/typ
e1/public/lm/lmr12.pfb><C:/Program Files (x86)/MiKTeX 2.9/fonts/type1/public/lm
/lmr7.pfb><C:/Program Files (x86)/MiKTeX 2.9/fonts/type1/public/lm/lmr8.pfb><C:
/Program Files (x86)/MiKTeX 2.9/fonts/type1/public/lm/lmri10.pfb><C:/Program Fi
les (x86)/MiKTeX 2.9/fonts/type1/public/lm/lmri12.pfb><C:/Program Files (x86)/M
iKTeX 2.9/fonts/type1/public/lm/lmss12.pfb><C:/Program Files (x86)/MiKTeX 2.9/f
onts/type1/public/lm/lmss17.pfb><C:/Program Files (x86)/MiKTeX 2.9/fonts/type1/
public/lm/lmssbx10.pfb><C:/Program Files (x86)/MiKTeX 2.9/fonts/type1/public/lm
/lmsso12.pfb><C:/Program Files (x86)/MiKTeX 2.9/fonts/type1/public/lm/lmsso17.p
fb><C:/Program Files (x86)/MiKTeX 2.9/fonts/type1/public/lm/lmsy10.pfb><C:/Prog
ram Files (x86)/MiKTeX 2.9/fonts/type1/public/lm/lmsy8.pfb>
Output written on TCC_Sist_Gerenciamento_Potencia.pdf (102 pages, 8713883 bytes
).
PDF statistics:
 1736 PDF objects out of 2073 (max. 8388607)
 426 named destinations out of 1000 (max. 500000)
 38413 words of extra memory for PDF output out of 42996 (max. 10000000)

